\BOOKMARK [0][-]{chapter.1}{\376\377\000I\000n\000t\000r\000o\000d\000u\000\347\000\343\000o}{}% 1
\BOOKMARK [1][-]{section.1.1}{\376\377\000O\000b\000j\000e\000t\000i\000v\000o\000\040\000G\000e\000r\000a\000l}{chapter.1}% 2
\BOOKMARK [1][-]{section.1.2}{\376\377\000O\000b\000j\000e\000t\000i\000v\000o\000s\000\040\000E\000s\000p\000e\000c\000\355\000f\000i\000c\000o\000s}{chapter.1}% 3
\BOOKMARK [1][-]{section.1.3}{\376\377\000O\000r\000g\000a\000n\000i\000z\000a\000\347\000\343\000o\000\040\000d\000o\000\040\000T\000r\000a\000b\000a\000l\000h\000o}{chapter.1}% 4
\BOOKMARK [0][-]{chapter.2}{\376\377\000F\000u\000n\000d\000a\000m\000e\000n\000t\000a\000\347\000\343\000o\000\040\000T\000e\000\363\000r\000i\000c\000a}{}% 5
\BOOKMARK [1][-]{section.2.1}{\376\377\000C\000o\000n\000t\000e\000x\000t\000o\000\040\000d\000o\000\040\000p\000r\000o\000b\000l\000e\000m\000a\000\040\000e\000\040\000c\000e\000n\000\341\000r\000i\000o\000\040\000d\000e\000\040\000a\000p\000l\000i\000c\000a\000\347\000\343\000o}{chapter.2}% 6
\BOOKMARK [1][-]{section.2.2}{\376\377\000R\000F\000I\000D\000,\000\040\000N\000F\000C\000\040\000e\000\040\000c\000a\000r\000t\000\365\000e\000s\000\040\000d\000e\000\040\000i\000d\000e\000n\000t\000i\000f\000i\000c\000a\000\347\000\343\000o}{chapter.2}% 7
\BOOKMARK [2][-]{subsection.2.2.1}{\376\377\000R\000F\000I\000D\000:\000\040\000c\000o\000n\000c\000e\000i\000t\000o\000\040\000e\000\040\000f\000u\000n\000c\000i\000o\000n\000a\000m\000e\000n\000t\000o\000\040\000b\000\341\000s\000i\000c\000o}{section.2.2}% 8
\BOOKMARK [2][-]{subsection.2.2.2}{\376\377\000N\000F\000C\000\040\000e\000\040\000s\000u\000a\000\040\000r\000e\000l\000a\000\347\000\343\000o\000\040\000c\000o\000m\000\040\000R\000F\000I\000D}{section.2.2}% 9
\BOOKMARK [2][-]{subsection.2.2.3}{\376\377\000C\000u\000s\000t\000o\000s\000\040\000e\000\040\000l\000i\000m\000i\000t\000a\000\347\000\365\000e\000s\000\040\000o\000p\000e\000r\000a\000c\000i\000o\000n\000a\000i\000s\000\040\000e\000m\000\040\000a\000m\000b\000i\000e\000n\000t\000e\000s\000\040\000r\000e\000a\000i\000s}{section.2.2}% 10
\BOOKMARK [2][-]{subsection.2.2.4}{\376\377\000V\000u\000l\000n\000e\000r\000a\000b\000i\000l\000i\000d\000a\000d\000e\000s\000\040\000e\000\040\000r\000i\000s\000c\000o\000s\000\040\000e\000m\000\040\000s\000i\000s\000t\000e\000m\000a\000s\000\040\000b\000a\000s\000e\000a\000d\000o\000s\000\040\000e\000m\000\040\000c\000a\000r\000t\000\365\000e\000s}{section.2.2}% 11
\BOOKMARK [2][-]{subsection.2.2.5}{\376\377\000I\000n\000t\000e\000r\000f\000a\000c\000e\000s\000\040\000d\000e\000\040\000e\000n\000t\000r\000a\000d\000a\000\040\000e\000\040\000t\000e\000c\000l\000a\000d\000o\000s\000\040\000v\000i\000r\000t\000u\000a\000i\000s}{section.2.2}% 12
\BOOKMARK [1][-]{section.2.3}{\376\377\000F\000u\000n\000d\000a\000m\000e\000n\000t\000o\000s\000\040\000d\000e\000\040\000b\000i\000o\000m\000e\000t\000r\000i\000a\000\040\000a\000p\000l\000i\000c\000a\000d\000a\000\040\000a\000o\000\040\000c\000o\000n\000t\000r\000o\000l\000e\000\040\000d\000e\000\040\000a\000c\000e\000s\000s\000o}{chapter.2}% 13
\BOOKMARK [2][-]{subsection.2.3.1}{\376\377\000C\000o\000n\000c\000e\000i\000t\000o\000\040\000d\000e\000\040\000b\000i\000o\000m\000e\000t\000r\000i\000a\000\040\000e\000\040\000p\000r\000i\000n\000c\000i\000p\000a\000i\000s\000\040\000m\000o\000d\000a\000l\000i\000d\000a\000d\000e\000s}{section.2.3}% 14
\BOOKMARK [2][-]{subsection.2.3.2}{\376\377\000V\000e\000r\000i\000f\000i\000c\000a\000\347\000\343\000o\000\040\000b\000i\000o\000m\000\351\000t\000r\000i\000c\000a\000\040\000\050\0001\000:\0001\000\051\000\040\000e\000\040\000i\000d\000e\000n\000t\000i\000f\000i\000c\000a\000\347\000\343\000o\000\040\000b\000i\000o\000m\000\351\000t\000r\000i\000c\000a\000\040\000\050\0001\000:\000N\000\051}{section.2.3}% 15
\BOOKMARK [2][-]{subsection.2.3.3}{\376\377\000C\000r\000i\000t\000\351\000r\000i\000o\000s\000\040\000d\000e\000\040\000q\000u\000a\000l\000i\000d\000a\000d\000e\000\040\000e\000m\000\040\000s\000i\000s\000t\000e\000m\000a\000s\000\040\000b\000i\000o\000m\000\351\000t\000r\000i\000c\000o\000s}{section.2.3}% 16
\BOOKMARK [2][-]{subsection.2.3.4}{\376\377\000R\000o\000b\000u\000s\000t\000e\000z\000\040\000e\000m\000\040\000s\000i\000s\000t\000e\000m\000a\000s\000\040\000d\000e\000\040\000r\000e\000c\000o\000n\000h\000e\000c\000i\000m\000e\000n\000t\000o\000\040\000f\000a\000c\000i\000a\000l}{section.2.3}% 17
\BOOKMARK [1][-]{section.2.4}{\376\377\000R\000e\000p\000r\000e\000s\000e\000n\000t\000a\000\347\000\343\000o\000\040\000e\000\040\000p\000r\000o\000c\000e\000s\000s\000a\000m\000e\000n\000t\000o\000\040\000d\000e\000\040\000i\000m\000a\000g\000e\000n\000s\000\040\000d\000i\000g\000i\000t\000a\000i\000s}{chapter.2}% 18
\BOOKMARK [2][-]{subsection.2.4.1}{\376\377\000I\000m\000a\000g\000e\000m\000\040\000d\000i\000g\000i\000t\000a\000l\000:\000\040\000d\000e\000f\000i\000n\000i\000\347\000\343\000o\000\040\000e\000\040\000c\000a\000r\000a\000c\000t\000e\000r\000\355\000s\000t\000i\000c\000a\000s}{section.2.4}% 19
\BOOKMARK [2][-]{subsection.2.4.2}{\376\377\000E\000t\000a\000p\000a\000s\000\040\000d\000e\000\040\000p\000r\000\351\000-\000p\000r\000o\000c\000e\000s\000s\000a\000m\000e\000n\000t\000o\000\040\000e\000m\000\040\000i\000m\000a\000g\000e\000n\000s\000\040\000f\000a\000c\000i\000a\000i\000s}{section.2.4}% 20
\BOOKMARK [1][-]{section.2.5}{\376\377\000R\000e\000p\000r\000e\000s\000e\000n\000t\000a\000\347\000\343\000o\000\040\000v\000e\000t\000o\000r\000i\000a\000l\000\040\000e\000\040\000m\000e\000d\000i\000d\000a\000s\000\040\000d\000e\000\040\000s\000i\000m\000i\000l\000a\000r\000i\000d\000a\000d\000e}{chapter.2}% 21
\BOOKMARK [2][-]{subsection.2.5.1}{\376\377\000C\000o\000n\000c\000e\000i\000t\000o\000\040\000d\000e\000\040\000v\000e\000t\000o\000r\000\040\000e\000\040\000i\000n\000t\000e\000r\000p\000r\000e\000t\000a\000\347\000\343\000o\000\040\000g\000e\000o\000m\000\351\000t\000r\000i\000c\000a}{section.2.5}% 22
\BOOKMARK [2][-]{subsection.2.5.2}{\376\377\000E\000m\000b\000e\000d\000d\000i\000n\000g\000s\000\040\000c\000o\000m\000o\000\040\000r\000e\000p\000r\000e\000s\000e\000n\000t\000a\000\347\000\343\000o\000\040\000d\000e\000\040\000c\000a\000r\000a\000c\000t\000e\000r\000\355\000s\000t\000i\000c\000a\000s}{section.2.5}% 23
\BOOKMARK [2][-]{subsection.2.5.3}{\376\377\000M\000\351\000t\000r\000i\000c\000a\000s\000\040\000d\000e\000\040\000s\000i\000m\000i\000l\000a\000r\000i\000d\000a\000d\000e\000\040\000e\000\040\000d\000i\000s\000t\000\342\000n\000c\000i\000a}{section.2.5}% 24
\BOOKMARK [2][-]{subsection.2.5.4}{\376\377\000L\000i\000m\000i\000a\000r\000\040\000d\000e\000\040\000d\000e\000c\000i\000s\000\343\000o\000\040\000e\000m\000\040\000s\000i\000s\000t\000e\000m\000a\000s\000\040\000d\000e\000\040\000r\000e\000c\000o\000n\000h\000e\000c\000i\000m\000e\000n\000t\000o}{section.2.5}% 25
\BOOKMARK [1][-]{section.2.6}{\376\377\000A\000p\000r\000e\000n\000d\000i\000z\000a\000d\000o\000\040\000m\000\351\000t\000r\000i\000c\000o\000:\000\040\000r\000e\000d\000e\000s\000\040\000s\000i\000a\000m\000e\000s\000a\000s\000\040\000e\000\040\000T\000r\000i\000p\000l\000e\000t\000\040\000L\000o\000s\000s}{chapter.2}% 26
\BOOKMARK [2][-]{subsection.2.6.1}{\376\377\000C\000l\000a\000s\000s\000i\000f\000i\000c\000a\000\347\000\343\000o\000\040\000t\000r\000a\000d\000i\000c\000i\000o\000n\000a\000l\000\040\000e\000\040\000a\000p\000r\000e\000n\000d\000i\000z\000a\000d\000o\000\040\000m\000\351\000t\000r\000i\000c\000o}{section.2.6}% 27
\BOOKMARK [2][-]{subsection.2.6.2}{\376\377\000R\000e\000d\000e\000s\000\040\000s\000i\000a\000m\000e\000s\000a\000s}{section.2.6}% 28
\BOOKMARK [2][-]{subsection.2.6.3}{\376\377\000F\000u\000n\000\347\000\343\000o\000\040\000d\000e\000\040\000p\000e\000r\000d\000a\000\040\000T\000r\000i\000p\000l\000e\000t\000\040\000L\000o\000s\000s}{section.2.6}% 29
\BOOKMARK [2][-]{subsection.2.6.4}{\376\377\000A\000p\000l\000i\000c\000a\000\347\000\343\000o\000\040\000d\000o\000\040\000a\000p\000r\000e\000n\000d\000i\000z\000a\000d\000o\000\040\000m\000\351\000t\000r\000i\000c\000o\000\040\000a\000o\000\040\000r\000e\000c\000o\000n\000h\000e\000c\000i\000m\000e\000n\000t\000o\000\040\000f\000a\000c\000i\000a\000l}{section.2.6}% 30
\BOOKMARK [1][-]{section.2.7}{\376\377\000M\000o\000d\000e\000l\000o\000s\000\040\000p\000r\000\351\000-\000t\000r\000e\000i\000n\000a\000d\000o\000s\000\040\000e\000\040\000r\000e\000c\000o\000n\000h\000e\000c\000i\000m\000e\000n\000t\000o\000\040\000f\000a\000c\000i\000a\000l\000\040\000p\000o\000r\000\040\000e\000m\000b\000e\000d\000d\000i\000n\000g\000s}{chapter.2}% 31
\BOOKMARK [2][-]{subsection.2.7.1}{\376\377\000A\000p\000r\000e\000n\000d\000i\000z\000a\000d\000o\000\040\000p\000o\000r\000\040\000t\000r\000a\000n\000s\000f\000e\000r\000\352\000n\000c\000i\000a\000\040\000e\000\040\000m\000o\000d\000e\000l\000o\000s\000\040\000p\000r\000\351\000-\000t\000r\000e\000i\000n\000a\000d\000o\000s}{section.2.7}% 32
\BOOKMARK [2][-]{subsection.2.7.2}{\376\377\000M\000T\000C\000N\000N\000\040\000p\000a\000r\000a\000\040\000d\000e\000t\000e\000c\000\347\000\343\000o\000\040\000f\000a\000c\000i\000a\000l}{section.2.7}% 33
\BOOKMARK [2][-]{subsection.2.7.3}{\376\377\000E\000m\000b\000e\000d\000d\000i\000n\000g\000s\000\040\000d\000i\000s\000c\000r\000i\000m\000i\000n\000a\000t\000i\000v\000o\000s\000\040\000p\000a\000r\000a\000\040\000r\000e\000c\000o\000n\000h\000e\000c\000i\000m\000e\000n\000t\000o\000\040\000f\000a\000c\000i\000a\000l}{section.2.7}% 34
\BOOKMARK [2][-]{subsection.2.7.4}{\376\377\000D\000e\000t\000e\000c\000\347\000\343\000o\000\040\000f\000a\000c\000i\000a\000l\000\040\000e\000\040\000r\000e\000c\000o\000n\000h\000e\000c\000i\000m\000e\000n\000t\000o\000\040\000f\000a\000c\000i\000a\000l}{section.2.7}% 35
\BOOKMARK [1][-]{section.2.8}{\376\377\000A\000v\000a\000l\000i\000a\000\347\000\343\000o\000\040\000b\000i\000o\000m\000\351\000t\000r\000i\000c\000a\000:\000\040\000F\000A\000R\000,\000\040\000F\000R\000R\000\040\000e\000\040\000t\000r\000a\000d\000e\000-\000o\000f\000f\000\040\000e\000n\000t\000r\000e\000\040\000s\000e\000g\000u\000r\000a\000n\000\347\000a\000\040\000e\000\040\000u\000s\000a\000b\000i\000l\000i\000d\000a\000d\000e}{chapter.2}% 36
\BOOKMARK [2][-]{subsection.2.8.1}{\376\377\000M\000a\000t\000r\000i\000z\000\040\000d\000e\000\040\000c\000o\000n\000f\000u\000s\000\343\000o}{section.2.8}% 37
\BOOKMARK [2][-]{subsection.2.8.2}{\376\377\000T\000a\000x\000a\000s\000\040\000d\000e\000\040\000e\000r\000r\000o\000\040\000b\000i\000o\000m\000\351\000t\000r\000i\000c\000o\000:\000\040\000F\000A\000R\000\040\000e\000\040\000F\000R\000R}{section.2.8}% 38
\BOOKMARK [2][-]{subsection.2.8.3}{\376\377\000D\000e\000f\000i\000n\000i\000\347\000\343\000o\000\040\000d\000o\000\040\000l\000i\000m\000i\000a\000r\000\040\000d\000e\000\040\000d\000e\000c\000i\000s\000\343\000o\000\040\000e\000m\000\040\000s\000i\000s\000t\000e\000m\000a\000s\000\040\000r\000e\000a\000i\000s}{section.2.8}% 39
\BOOKMARK [1][-]{section.2.9}{\376\377\000P\000r\000i\000v\000a\000c\000i\000d\000a\000d\000e\000,\000\040\000L\000G\000P\000D\000\040\000e\000\040\000u\000s\000o\000\040\000d\000e\000\040\000d\000a\000d\000o\000s\000\040\000s\000i\000n\000t\000\351\000t\000i\000c\000o\000s}{chapter.2}% 40
\BOOKMARK [2][-]{subsection.2.9.1}{\376\377\000D\000a\000d\000o\000s\000\040\000b\000i\000o\000m\000\351\000t\000r\000i\000c\000o\000s\000\040\000e\000\040\000s\000u\000a\000\040\000s\000e\000n\000s\000i\000b\000i\000l\000i\000d\000a\000d\000e}{section.2.9}% 41
\BOOKMARK [2][-]{subsection.2.9.2}{\376\377\000A\000s\000p\000e\000c\000t\000o\000s\000\040\000g\000e\000r\000a\000i\000s\000\040\000d\000a\000\040\000L\000G\000P\000D\000\040\000a\000p\000l\000i\000c\000a\000d\000o\000s\000\040\000\340\000\040\000b\000i\000o\000m\000e\000t\000r\000i\000a}{section.2.9}% 42
\BOOKMARK [2][-]{subsection.2.9.3}{\376\377\000U\000s\000o\000\040\000d\000e\000\040\000i\000m\000a\000g\000e\000n\000s\000\040\000f\000a\000c\000i\000a\000i\000s\000\040\000s\000i\000n\000t\000\351\000t\000i\000c\000a\000s\000\040\000e\000m\000\040\000e\000x\000p\000e\000r\000i\000m\000e\000n\000t\000o\000s}{section.2.9}% 43
\BOOKMARK [1][-]{section.2.10}{\376\377\000S\000e\000g\000u\000r\000a\000n\000\347\000a\000\040\000e\000\040\000p\000r\000o\000t\000e\000\347\000\343\000o\000\040\000d\000e\000\040\000d\000a\000d\000o\000s\000\040\000b\000i\000o\000m\000\351\000t\000r\000i\000c\000o\000s}{chapter.2}% 44
\BOOKMARK [2][-]{subsection.2.10.1}{\376\377\000P\000r\000o\000t\000e\000\347\000\343\000o\000\040\000d\000e\000\040\000d\000a\000d\000o\000s\000\040\000b\000i\000o\000m\000\351\000t\000r\000i\000c\000o\000s}{section.2.10}% 45
\BOOKMARK [2][-]{subsection.2.10.2}{\376\377\000C\000r\000i\000p\000t\000o\000g\000r\000a\000f\000i\000a\000\040\000s\000i\000m\000\351\000t\000r\000i\000c\000a}{section.2.10}% 46
\BOOKMARK [2][-]{subsection.2.10.3}{\376\377\000A\000l\000g\000o\000r\000i\000t\000m\000o\000\040\000F\000e\000r\000n\000e\000t}{section.2.10}% 47
\BOOKMARK [0][-]{chapter.3}{\376\377\000T\000r\000a\000b\000a\000l\000h\000o\000s\000\040\000R\000e\000l\000a\000c\000i\000o\000n\000a\000d\000o\000s}{}% 48
\BOOKMARK [0][-]{chapter.4}{\376\377\000M\000e\000t\000o\000d\000o\000l\000o\000g\000i\000a}{}% 49
\BOOKMARK [1][-]{section.4.1}{\376\377\000E\000x\000p\000e\000r\000i\000m\000e\000n\000t\000a\000\347\000\343\000o\000\040\000c\000o\000m\000\040\000b\000a\000s\000e\000\040\000d\000e\000\040\000d\000a\000d\000o\000s\000\040\000s\000i\000n\000t\000\351\000t\000i\000c\000a}{chapter.4}% 50
\BOOKMARK [2][-]{subsection.4.1.1}{\376\377\000C\000o\000n\000s\000t\000r\000u\000\347\000\343\000o\000\040\000d\000a\000\040\000b\000a\000s\000e\000\040\000d\000e\000\040\000d\000a\000d\000o\000s\000\040\000s\000i\000n\000t\000\351\000t\000i\000c\000a}{section.4.1}% 51
\BOOKMARK [2][-]{subsection.4.1.2}{\376\377\000M\000o\000d\000e\000l\000a\000g\000e\000m\000\040\000d\000o\000\040\000c\000a\000d\000a\000s\000t\000r\000o\000\040\000d\000e\000\040\000i\000d\000e\000n\000t\000i\000d\000a\000d\000e\000s}{section.4.1}% 52
\BOOKMARK [2][-]{subsection.4.1.3}{\376\377\000V\000a\000l\000i\000d\000a\000\347\000\343\000o\000\040\000f\000u\000n\000c\000i\000o\000n\000a\000l\000\040\000d\000o\000\040\000p\000i\000p\000e\000l\000i\000n\000e\000\040\000c\000o\000m\000\040\000m\000o\000d\000e\000l\000o\000\040\000g\000e\000o\000m\000\351\000t\000r\000i\000c\000o\000\040\000\050\000P\000r\000o\000v\000a\000\040\000d\000e\000\040\000C\000o\000n\000c\000e\000i\000t\000o\000\051}{section.4.1}% 53
\BOOKMARK [2][-]{subsection.4.1.4}{\376\377\000G\000e\000r\000a\000\347\000\343\000o\000\040\000d\000e\000\040\000v\000a\000r\000i\000a\000\347\000\365\000e\000s\000\040\000s\000i\000n\000t\000\351\000t\000i\000c\000a\000s\000\040\000d\000a\000s\000\040\000i\000m\000a\000g\000e\000n\000s}{section.4.1}% 54
\BOOKMARK [2][-]{subsection.4.1.5}{\376\377\000E\000x\000t\000r\000a\000\347\000\343\000o\000\040\000d\000e\000\040\000e\000m\000b\000e\000d\000d\000i\000n\000g\000s\000\040\000f\000a\000c\000i\000a\000i\000s\000\040\000p\000o\000r\000\040\000m\000o\000d\000e\000l\000o\000\040\000p\000r\000\351\000-\000t\000r\000e\000i\000n\000a\000d\000o}{section.4.1}% 55
\BOOKMARK [2][-]{subsection.4.1.6}{\376\377\000D\000e\000f\000i\000n\000i\000\347\000\343\000o\000\040\000d\000a\000\040\000m\000\351\000t\000r\000i\000c\000a\000\040\000d\000e\000\040\000s\000i\000m\000i\000l\000a\000r\000i\000d\000a\000d\000e}{section.4.1}% 56
\BOOKMARK [2][-]{subsection.4.1.7}{\376\377\000P\000r\000o\000t\000o\000c\000o\000l\000o\000\040\000e\000x\000p\000e\000r\000i\000m\000e\000n\000t\000a\000l\000\040\000d\000e\000\040\000a\000v\000a\000l\000i\000a\000\347\000\343\000o}{section.4.1}% 57
\BOOKMARK [1][-]{section.4.2}{\376\377\000D\000e\000s\000e\000n\000v\000o\000l\000v\000i\000m\000e\000n\000t\000o\000\040\000d\000o\000\040\000p\000r\000o\000t\000\363\000t\000i\000p\000o\000\040\000f\000u\000n\000c\000i\000o\000n\000a\000l\000\040\000d\000e\000\040\000r\000e\000c\000o\000n\000h\000e\000c\000i\000m\000e\000n\000t\000o\000\040\000f\000a\000c\000i\000a\000l\000\040\000e\000m\000\040\000t\000e\000m\000p\000o\000\040\000r\000e\000a\000l}{chapter.4}% 58
\BOOKMARK [2][-]{subsection.4.2.1}{\376\377\000E\000v\000o\000l\000u\000\347\000\343\000o\000\040\000d\000a\000\040\000a\000b\000o\000r\000d\000a\000g\000e\000m\000\040\000e\000x\000p\000e\000r\000i\000m\000e\000n\000t\000a\000l\000\040\000p\000a\000r\000a\000\040\000o\000\040\000s\000i\000s\000t\000e\000m\000a\000\040\000i\000m\000p\000l\000e\000m\000e\000n\000t\000a\000d\000o}{section.4.2}% 59
\BOOKMARK [2][-]{subsection.4.2.2}{\376\377\000A\000r\000q\000u\000i\000t\000e\000t\000u\000r\000a\000\040\000g\000e\000r\000a\000l\000\040\000d\000o\000\040\000s\000i\000s\000t\000e\000m\000a}{section.4.2}% 60
\BOOKMARK [2][-]{subsection.4.2.3}{\376\377\000T\000e\000c\000n\000o\000l\000o\000g\000i\000a\000s\000\040\000u\000t\000i\000l\000i\000z\000a\000d\000a\000s}{section.4.2}% 61
\BOOKMARK [2][-]{subsection.4.2.4}{\376\377\000C\000a\000d\000a\000s\000t\000r\000o\000\040\000d\000e\000\040\000u\000s\000u\000\341\000r\000i\000o\000s}{section.4.2}% 62
\BOOKMARK [2][-]{subsection.4.2.5}{\376\377\000A\000r\000m\000a\000z\000e\000n\000a\000m\000e\000n\000t\000o\000\040\000s\000e\000g\000u\000r\000o\000\040\000d\000a\000s\000\040\000i\000d\000e\000n\000t\000i\000d\000a\000d\000e\000s}{section.4.2}% 63
\BOOKMARK [2][-]{subsection.4.2.6}{\376\377\000R\000e\000c\000o\000n\000h\000e\000c\000i\000m\000e\000n\000t\000o\000\040\000f\000a\000c\000i\000a\000l\000\040\000e\000m\000\040\000t\000e\000m\000p\000o\000\040\000r\000e\000a\000l}{section.4.2}% 64
\BOOKMARK [2][-]{subsection.4.2.7}{\376\377\000V\000o\000t\000a\000\347\000\343\000o\000\040\000t\000e\000m\000p\000o\000r\000a\000l}{section.4.2}% 65
\BOOKMARK [2][-]{subsection.4.2.8}{\376\377\000D\000i\000g\000i\000t\000a\000\347\000\343\000o\000\040\000a\000u\000t\000o\000m\000\341\000t\000i\000c\000a\000\040\000d\000e\000\040\000c\000r\000e\000d\000e\000n\000c\000i\000a\000i\000s}{section.4.2}% 66
\BOOKMARK [2][-]{subsection.4.2.9}{\376\377\000I\000n\000t\000e\000r\000f\000a\000c\000e\000\040\000g\000r\000\341\000f\000i\000c\000a}{section.4.2}% 67
\BOOKMARK [0][-]{chapter.5}{\376\377\000R\000e\000s\000u\000l\000t\000a\000d\000o\000s}{}% 68
\BOOKMARK [1][-]{section.5.1}{\376\377\000S\000e\000p\000a\000r\000a\000b\000i\000l\000i\000d\000a\000d\000e\000\040\000n\000o\000\040\000e\000s\000p\000a\000\347\000o\000\040\000d\000e\000\040\000e\000m\000b\000e\000d\000d\000i\000n\000g\000s}{chapter.5}% 69
\BOOKMARK [1][-]{section.5.2}{\376\377\000A\000v\000a\000l\000i\000a\000\347\000\343\000o\000\040\000b\000i\000o\000m\000\351\000t\000r\000i\000c\000a\000\040\000p\000o\000r\000\040\000F\000A\000R\000\040\000e\000\040\000F\000R\000R}{chapter.5}% 70
\BOOKMARK [1][-]{section.5.3}{\376\377\000D\000e\000f\000i\000n\000i\000\347\000\343\000o\000\040\000d\000o\000\040\000l\000i\000m\000i\000a\000r\000\040\000d\000e\000\040\000d\000e\000c\000i\000s\000\343\000o\000\040\000\050\000t\000h\000r\000e\000s\000h\000o\000l\000d\000\051}{chapter.5}% 71
\BOOKMARK [1][-]{section.5.4}{\376\377\000A\000n\000\341\000l\000i\000s\000e\000\040\000q\000u\000a\000l\000i\000t\000a\000t\000i\000v\000a\000\040\000d\000o\000s\000\040\000p\000a\000r\000e\000s\000\040\000d\000e\000\040\000c\000o\000m\000p\000a\000r\000a\000\347\000\343\000o}{chapter.5}% 72
\BOOKMARK [1][-]{section.5.5}{\376\377\000A\000v\000a\000l\000i\000a\000\347\000\343\000o\000\040\000d\000o\000\040\000p\000r\000o\000c\000e\000s\000s\000o\000\040\000d\000e\000\040\000i\000d\000e\000n\000t\000i\000f\000i\000c\000a\000\347\000\343\000o\000\040\000\050\0001\000:\000N\000\051}{chapter.5}% 73
\BOOKMARK [0][-]{chapter.6}{\376\377\000C\000o\000n\000c\000l\000u\000s\000\343\000o}{}% 74
\BOOKMARK [0][-]{section*.147}{\376\377\000R\000e\000f\000e\000r\000\352\000n\000c\000i\000a\000s}{}% 75
