This is pdfTeX, Version 3.141592653-2.6-1.40.25 (MiKTeX 23.10) (preloaded format=pdflatex 2026.7.22)  22 JUL 2026 14:27
entering extended mode
 restricted \write18 enabled.
 %&-line parsing enabled.
**./main.tex
(main.tex
LaTeX2e <2026-06-01>
L3 programming layer <2026-06-18>
(/var/lib/miktex/.miktex/texmfs/install/tex/latex/base/report.cls
Document Class: report 2025/01/22 v1.4n Standard LaTeX document class
(/var/lib/miktex/.miktex/texmfs/install/tex/latex/base/size12.clo
File: size12.clo 2025/01/22 v1.4n Standard LaTeX file (size option)
)
\c@part=\count276
\c@chapter=\count277
\c@section=\count278
\c@subsection=\count279
\c@subsubsection=\count280
\c@paragraph=\count281
\c@subparagraph=\count282
\c@figure=\count283
\c@table=\count284
\abovecaptionskip=\skip49
\belowcaptionskip=\skip50
\bibindent=\dimen150
)
(/miktex/work/Pacotes/tex/latex/CEFET/CEFET.sty
Package: CEFET Normas do CEFET para monografias

(/var/lib/miktex/.miktex/texmfs/install/tex/latex/acronym/acronym.sty
Package: acronym 2025/01/17 v1.50 Support for acronyms (Tobias Oetiker)

(/var/lib/miktex/.miktex/texmfs/install/tex/latex/bigfoot/suffix.sty
Package: suffix 2006/07/15 1.5a Variant command support
)
(/var/lib/miktex/.miktex/texmfs/install/tex/latex/xstring/xstring.sty
(/var/lib/miktex/.miktex/texmfs/install/tex/generic/xstring/xstring.tex
\xs_counta=\count285
\xs_countb=\count286
)
Package: xstring 2023/08/22 v1.86 String manipulations (CT)
)
\AC@clearlist=\toks17
)
(/var/lib/miktex/.miktex/texmfs/install/tex/latex/caption/caption.sty
Package: caption 2023/08/05 v3.6o Customizing captions (AR)

(/var/lib/miktex/.miktex/texmfs/install/tex/latex/caption/caption3.sty
Package: caption3 2023/07/31 v2.4d caption3 kernel (AR)

(/var/lib/miktex/.miktex/texmfs/install/tex/latex/graphics/keyval.sty
Package: keyval 2026-05-17 v1.15 key=value parser (DPC)
\KV@toks@=\toks18
)
\caption@tempdima=\dimen151
\captionmargin=\dimen152
\caption@leftmargin=\dimen153
\caption@rightmargin=\dimen154
\caption@width=\dimen155
\caption@indent=\dimen156
\caption@parindent=\dimen157
\caption@hangindent=\dimen158
Package caption Info: Standard document class detected.
)
Package caption Info: Option `figurewithin=none' requires the `newfloat' packag
e on input line 172.

(/var/lib/miktex/.miktex/texmfs/install/tex/latex/newfloat/newfloat.sty
Package: newfloat 2023/10/01 v1.2 Defining new floating environments (AR)
Package newfloat Info: Document class `report' detected (original).
)
\c@caption@flags=\count287
\c@continuedfloat=\count288
)
(/var/lib/miktex/.miktex/texmfs/install/tex/generic/babel/babel.sty
Package: babel 2026/06/14 v26.9 The multilingual framework for LuaLaTeX, pdfLaT
eX and XeLaTeX
\babel@savecnt=\count289
LaTeX Encoding Info:    Redeclaring text command \ij (encoding OT1) on input li
ne 2084.
LaTeX Encoding Info:    Redeclaring text command \IJ (encoding OT1) on input li
ne 2086.
LaTeX Encoding Info:    Redeclaring text command \ij (encoding T1) on input lin
e 2088.
LaTeX Encoding Info:    Redeclaring text command \IJ (encoding T1) on input lin
e 2089.
LaTeX Encoding Info:    Ignoring declaration for text command \ij (encoding ?) 
on input line 2090.
LaTeX Encoding Info:    Ignoring declaration for text command \IJ (encoding ?) 
on input line 2092.
LaTeX Encoding Info:    Ignoring declaration for text command \SS (encoding ?) 
on input line 2117.
\U@D=\dimen159
\l@unhyphenated=\language2

(/var/lib/miktex/.miktex/texmfs/install/tex/generic/babel/txtbabel.def)
\bbl@readstream=\read2
\bbl@dirlevel=\count290
Package babel Info: Configuration files are deprecated, as
(babel)             they can break document portability.
(babel)             Reported on input line 4252.

*************************************
* Local config file bblopts.cfg used
*
(/var/lib/miktex/.miktex/texmfs/install/tex/latex/arabi/bblopts.cfg
File: bblopts.cfg 2005/09/08 v0.1 add Arabic and Farsi to "declared" options of
 babel
)
(/var/lib/miktex/.miktex/texmfs/install/tex/generic/babel/locale/en/babel-engli
sh.tex)
(/var/lib/miktex/.miktex/texmfs/install/tex/generic/babel/locale/invalid/babel-
brazil.tex)
Package babel Info: Importing font and identification data for 'english'
(babel)             from babel-en.ini. Reported on input line 4380.

(/var/lib/miktex/.miktex/texmfs/install/tex/latex/babel-english/english.ldf
Language: english 2017/06/06 v3.3r English support from the babel system
Package babel Info: Hyphen rules for 'british' set to \l@english
(babel)             (\language0). Reported on input line 82.
Package babel Info: Hyphen rules for 'UKenglish' set to \l@english
(babel)             (\language0). Reported on input line 83.
Package babel Info: Hyphen rules for 'canadian' set to \l@english
(babel)             (\language0). Reported on input line 102.
Package babel Info: Hyphen rules for 'australian' set to \l@english
(babel)             (\language0). Reported on input line 105.
Package babel Info: Hyphen rules for 'newzealand' set to \l@english
(babel)             (\language0). Reported on input line 108.
)

Package babel Warning: Name 'brazil' is deprecated.
(babel)                Use 'brazilian' instead.
(babel)                Reported on input line 4380.

Package babel Info: Importing font and identification data for 'brazil'
(babel)             from babel-pt-BR.ini. Reported on input line 4380.
(/var/lib/miktex/.miktex/texmfs/install/tex/latex/babel-portuges/brazilian.ldf
Language: portuges 2026/01/24 v1.2u Portuguese support from the babel system


Package babel Warning: No hyphenation patterns were preloaded for
(babel)                the language 'Portuguese' into the format.
(babel)                Please, configure your TeX system to add them and
(babel)                rebuild the format. Now I will use the patterns
(babel)                preloaded for \language=0 instead on input line 42.

Package babel Info: Hyphen rules for 'portuges' set to \l@english
(babel)             (\language0). Reported on input line 43.
Package babel Info: Hyphen rules for 'brazil' set to \l@english
(babel)             (\language0). Reported on input line 100.
Package babel Info: Making " an active character on input line 132.
)) (/var/lib/miktex/.miktex/texmfs/install/tex/latex/base/inputenc.sty
Package: inputenc 2024/02/08 v1.3d Input encoding file
\inpenc@prehook=\toks19
\inpenc@posthook=\toks20
)
(/var/lib/miktex/.miktex/texmfs/install/tex/latex/base/fontenc.sty
Package: fontenc 2025/07/18 v2.1d Standard LaTeX package
)
(/var/lib/miktex/.miktex/texmfs/install/tex/latex/geometry/geometry.sty
Package: geometry 2026/03/07 v6.0 Page Geometry

(/var/lib/miktex/.miktex/texmfs/install/tex/generic/iftex/ifvtex.sty
Package: ifvtex 2019/10/25 v1.7 ifvtex legacy package. Use iftex instead.

(/var/lib/miktex/.miktex/texmfs/install/tex/generic/iftex/iftex.sty
Package: iftex 2024/12/12 v1.0g TeX engine tests
))
\Gm@cnth=\count291
\Gm@cntv=\count292
\c@Gm@tempcnt=\count293
\Gm@bindingoffset=\dimen160
\Gm@wd@mp=\dimen161
\Gm@odd@mp=\dimen162
\Gm@even@mp=\dimen163
\Gm@layoutwidth=\dimen164
\Gm@layoutheight=\dimen165
\Gm@layouthoffset=\dimen166
\Gm@layoutvoffset=\dimen167
\Gm@dimlist=\toks21

(/var/lib/miktex/.miktex/texmfs/install/tex/latex/geometry/geometry.cfg))
(/var/lib/miktex/.miktex/texmfs/install/tex/latex/tools/indentfirst.sty
Package: indentfirst 2023/07/02 v1.03 Indent first paragraph (DPC)
)
(/var/lib/miktex/.miktex/texmfs/install/tex/latex/setspace/setspace.sty
Package: setspace 2022/12/04 v6.7b set line spacing
)
(/var/lib/miktex/.miktex/texmfs/install/tex/latex/hyperref/hyperref.sty
Package: hyperref 2026-06-17 v7.01r Hypertext links for LaTeX

(/var/lib/miktex/.miktex/texmfs/install/tex/latex/kvsetkeys/kvsetkeys.sty
Package: kvsetkeys 2022-10-05 v1.19 Key value parser (HO)
)
(/var/lib/miktex/.miktex/texmfs/install/tex/generic/kvdefinekeys/kvdefinekeys.s
ty
Package: kvdefinekeys 2019-12-19 v1.6 Define keys (HO)
) (/var/lib/miktex/.miktex/texmfs/install/tex/generic/pdfescape/pdfescape.sty
Package: pdfescape 2019/12/09 v1.15 Implements pdfTeX's escape features (HO)
(/var/lib/miktex/.miktex/texmfs/install/tex/generic/ltxcmds/ltxcmds.sty
Package: ltxcmds 2023-12-04 v1.26 LaTeX kernel commands for general use (HO)
)
(/var/lib/miktex/.miktex/texmfs/install/tex/generic/pdftexcmds/pdftexcmds.sty
Package: pdftexcmds 2020-06-27 v0.33 Utility functions of pdfTeX for LuaTeX (HO
)

(/var/lib/miktex/.miktex/texmfs/install/tex/generic/infwarerr/infwarerr.sty
Package: infwarerr 2019/12/03 v1.5 Providing info/warning/error messages (HO)
)
Package pdftexcmds Info: \pdf@primitive is available.
Package pdftexcmds Info: \pdf@ifprimitive is available.
Package pdftexcmds Info: \pdfdraftmode found.
))
(/var/lib/miktex/.miktex/texmfs/install/tex/latex/hycolor/hycolor.sty
Package: hycolor 2020-01-27 v1.10 Color options for hyperref/bookmark (HO)
)
(/var/lib/miktex/.miktex/texmfs/install/tex/latex/hyperref/nameref.sty
Package: nameref 2026-01-29 v2.58 Cross-referencing by name of section

(/var/lib/miktex/.miktex/texmfs/install/tex/latex/refcount/refcount.sty
Package: refcount 2019/12/15 v3.6 Data extraction from label references (HO)
)
(/var/lib/miktex/.miktex/texmfs/install/tex/generic/gettitlestring/gettitlestri
ng.sty
Package: gettitlestring 2019/12/15 v1.6 Cleanup title references (HO)

(/var/lib/miktex/.miktex/texmfs/install/tex/latex/kvoptions/kvoptions.sty
Package: kvoptions 2022-06-15 v3.15 Key value format for package options (HO)
))
\c@section@level=\count294
)
(/var/lib/miktex/.miktex/texmfs/install/tex/latex/etoolbox/etoolbox.sty
Package: etoolbox 2025/10/02 v2.5m e-TeX tools for LaTeX (JAW)
\etb@tempcnta=\count295
)
(/var/lib/miktex/.miktex/texmfs/install/tex/generic/stringenc/stringenc.sty
Package: stringenc 2019/11/29 v1.12 Convert strings between diff. encodings (HO
)
)
\@linkdim=\dimen168
\Hy@linkcounter=\count296
\Hy@pagecounter=\count297

(/var/lib/miktex/.miktex/texmfs/install/tex/latex/hyperref/pd1enc.def
File: pd1enc.def 2026-06-17 v7.01r Hyperref: PDFDocEncoding definition (HO)
Now handling font encoding PD1 ...
... no UTF-8 mapping file for font encoding PD1
)
(/var/lib/miktex/.miktex/texmfs/install/tex/generic/intcalc/intcalc.sty
Package: intcalc 2019/12/15 v1.3 Expandable calculations with integers (HO)
)
\Hy@SavedSpaceFactor=\count298

(/var/lib/miktex/.miktex/texmfs/install/tex/latex/hyperref/puenc.def
File: puenc.def 2026-06-17 v7.01r Hyperref: PDF Unicode definition (HO)
Now handling font encoding PU ...
... no UTF-8 mapping file for font encoding PU
)
Package hyperref Info: Hyper figures OFF on input line 4199.
Package hyperref Info: Link nesting OFF on input line 4204.
Package hyperref Info: Hyper index ON on input line 4207.
Package hyperref Info: Plain pages OFF on input line 4214.
Package hyperref Info: Backreferencing OFF on input line 4219.
Package hyperref Info: Implicit mode ON; LaTeX internals redefined.
Package hyperref Info: Bookmarks ON on input line 4466.
\c@Hy@tempcnt=\count299

(/var/lib/miktex/.miktex/texmfs/install/tex/latex/url/url.sty
\Urlmuskip=\muskip17
Package: url 2013/09/16  ver 3.4  Verb mode for urls, etc.
)
LaTeX Info: Redefining \url on input line 4805.
\XeTeXLinkMargin=\dimen169

(/var/lib/miktex/.miktex/texmfs/install/tex/generic/bitset/bitset.sty
Package: bitset 2019/12/09 v1.3 Handle bit-vector datatype (HO)

(/var/lib/miktex/.miktex/texmfs/install/tex/generic/bigintcalc/bigintcalc.sty
Package: bigintcalc 2019/12/15 v1.5 Expandable calculations on big integers (HO
)
))
\Fld@menulength=\count300
\Field@Width=\dimen170
\Fld@charsize=\dimen171
Package hyperref Info: Hyper figures OFF on input line 6091.
Package hyperref Info: Link nesting OFF on input line 6096.
Package hyperref Info: Hyper index ON on input line 6099.
Package hyperref Info: backreferencing OFF on input line 6106.
Package hyperref Info: Link coloring OFF on input line 6111.
Package hyperref Info: Link coloring with OCG OFF on input line 6116.
Package hyperref Info: PDF/A mode OFF on input line 6121.
\Hy@abspage=\count301
\c@Item=\count302
\c@Hfootnote=\count303
)
Package hyperref Info: Driver (autodetected): hpdftex.
 (/var/lib/miktex/.miktex/texmfs/install/tex/latex/hyperref/hpdftex.def
File: hpdftex.def 2026-06-17 v7.01r Hyperref driver for pdfTeX
\Fld@listcount=\count304
\c@bookmark@seq@number=\count305

(/var/lib/miktex/.miktex/texmfs/install/tex/latex/rerunfilecheck/rerunfilecheck
.sty
Package: rerunfilecheck 2025-06-21 v1.11 Rerun checks for auxiliary files (HO)

(/var/lib/miktex/.miktex/texmfs/install/tex/generic/uniquecounter/uniquecounter
.sty
Package: uniquecounter 2019/12/15 v1.4 Provide unlimited unique counter (HO)
)
Package uniquecounter Info: New unique counter `rerunfilecheck' on input line 2
84.
)
\Hy@SectionHShift=\skip51
) (/var/lib/miktex/.miktex/texmfs/install/tex/latex/multirow/multirow.sty
Package: multirow 2024/11/12 v2.9 Span multiple rows of a table
\multirow@colwidth=\skip52
\multirow@cntb=\count306
\multirow@dima=\skip53
\bigstrutjot=\dimen172
) (/var/lib/miktex/.miktex/texmfs/install/tex/latex/graphics/graphicx.sty
Package: graphicx 2026-05-17 v1.2e Enhanced LaTeX Graphics (DPC,SPQR)

(/var/lib/miktex/.miktex/texmfs/install/tex/latex/graphics/graphics.sty
Package: graphics 2026-05-17 v1.4h Standard LaTeX Graphics (DPC,SPQR)

(/var/lib/miktex/.miktex/texmfs/install/tex/latex/graphics/trig.sty
Package: trig 2023/12/02 v1.11 sin cos tan (DPC)
)
(/var/lib/miktex/.miktex/texmfs/install/tex/latex/graphics-cfg/graphics.cfg
File: graphics.cfg 2016/06/04 v1.11 sample graphics configuration
)
Package graphics Info: Driver file: pdftex.def on input line 106.

(/var/lib/miktex/.miktex/texmfs/install/tex/latex/graphics-def/pdftex.def
File: pdftex.def 2025/09/29 v1.2d Graphics/color driver for pdftex
))
\Gin@req@height=\dimen173
\Gin@req@width=\dimen174
)
(/var/lib/miktex/.miktex/texmfs/install/tex/latex/caption/subcaption.sty
Package: subcaption 2023/07/28 v1.6b Sub-captions (AR)
Package caption Info: New subtype `subfigure' on input line 238.
\c@subfigure=\count307
Package caption Info: New subtype `subtable' on input line 238.
\c@subtable=\count308
)
(/var/lib/miktex/.miktex/texmfs/install/tex/latex/textcase/textcase.sty
Package: textcase 2025/02/16 v1.05 Text only upper/lower case changing (DPC)
Package textcase Info: Defining Legacy names on input line 20.
)
(/var/lib/miktex/.miktex/texmfs/install/tex/latex/biblatex/biblatex.sty
Package: biblatex 2025/07/10 v3.21 programmable bibliographies (PK/MW)

(/var/lib/miktex/.miktex/texmfs/install/tex/latex/logreq/logreq.sty
Package: logreq 2010/08/04 v1.0 xml request logger
\lrq@indent=\count309

(/var/lib/miktex/.miktex/texmfs/install/tex/latex/logreq/logreq.def
File: logreq.def 2010/08/04 v1.0 logreq spec v1.0
))
(/var/lib/miktex/.miktex/texmfs/install/tex/latex/base/ifthen.sty
Package: ifthen 2024/03/16 v1.1e Standard LaTeX ifthen package (DPC)
)
\c@tabx@nest=\count310
\c@listtotal=\count311
\c@listcount=\count312
\c@liststart=\count313
\c@liststop=\count314
\c@citecount=\count315
\c@citetotal=\count316
\c@multicitecount=\count317
\c@multicitetotal=\count318
\c@instcount=\count319
\c@maxnames=\count320
\c@minnames=\count321
\c@maxitems=\count322
\c@minitems=\count323
\c@citecounter=\count324
\c@maxcitecounter=\count325
\c@savedcitecounter=\count326
\c@uniquelist=\count327
\c@uniquename=\count328
\c@refsection=\count329
\c@refsegment=\count330
\c@maxextratitle=\count331
\c@maxextratitleyear=\count332
\c@maxextraname=\count333
\c@maxextradate=\count334
\c@maxextraalpha=\count335
\c@abbrvpenalty=\count336
\c@highnamepenalty=\count337
\c@lownamepenalty=\count338
\c@maxparens=\count339
\c@parenlevel=\count340
\blx@tempcnta=\count341
\blx@tempcntb=\count342
\blx@tempcntc=\count343
\c@blx@maxsection=\count344
\blx@maxsegment@0=\count345
\blx@notetype=\count346
\blx@parenlevel@text=\count347
\blx@parenlevel@foot=\count348
\blx@sectionciteorder@0=\count349
\blx@sectionciteorderinternal@0=\count350
\blx@entrysetcounter=\count351
\blx@biblioinstance=\count352
\labelnumberwidth=\skip54
\labelalphawidth=\skip55
\biblabelsep=\skip56
\bibitemsep=\skip57
\bibnamesep=\skip58
\bibinitsep=\skip59
\bibparsep=\skip60
\bibhang=\skip61
\blx@bcfin=\read3
\blx@bcfout=\write3
\blx@langwohyphens=\language3
\c@mincomprange=\count353
\c@maxcomprange=\count354
\c@mincompwidth=\count355
Package biblatex Info: Trying to load biblatex default data model...
Package biblatex Info: ... file 'blx-dm.def' found.

(/var/lib/miktex/.miktex/texmfs/install/tex/latex/biblatex/blx-dm.def
File: blx-dm.def 2025/07/10 v3.21 biblatex datamodel (PK/MW)
)
Package biblatex Info: Trying to load biblatex style data model...
Package biblatex Info: ... file 'abnt.dbx' not found.
Package biblatex Info: Trying to load biblatex custom data model...
Package biblatex Info: ... file 'biblatex-dm.cfg' not found.
\c@afterword=\count356
\c@savedafterword=\count357
\c@annotator=\count358
\c@savedannotator=\count359
\c@author=\count360
\c@savedauthor=\count361
\c@bookauthor=\count362
\c@savedbookauthor=\count363
\c@commentator=\count364
\c@savedcommentator=\count365
\c@editor=\count366
\c@savededitor=\count367
\c@editora=\count368
\c@savededitora=\count369
\c@editorb=\count370
\c@savededitorb=\count371
\c@editorc=\count372
\c@savededitorc=\count373
\c@foreword=\count374
\c@savedforeword=\count375
\c@holder=\count376
\c@savedholder=\count377
\c@introduction=\count378
\c@savedintroduction=\count379
\c@namea=\count380
\c@savednamea=\count381
\c@nameb=\count382
\c@savednameb=\count383
\c@namec=\count384
\c@savednamec=\count385
\c@translator=\count386
\c@savedtranslator=\count387
\c@shortauthor=\count388
\c@savedshortauthor=\count389
\c@shorteditor=\count390
\c@savedshorteditor=\count391
\c@labelname=\count392
\c@savedlabelname=\count393
\c@institution=\count394
\c@savedinstitution=\count395
\c@lista=\count396
\c@savedlista=\count397
\c@listb=\count398
\c@savedlistb=\count399
\c@listc=\count400
\c@savedlistc=\count401
\c@listd=\count402
\c@savedlistd=\count403
\c@liste=\count404
\c@savedliste=\count405
\c@listf=\count406
\c@savedlistf=\count407
\c@location=\count408
\c@savedlocation=\count409
\c@organization=\count410
\c@savedorganization=\count411
\c@origlocation=\count412
\c@savedoriglocation=\count413
\c@origpublisher=\count414
\c@savedorigpublisher=\count415
\c@publisher=\count416
\c@savedpublisher=\count417
\c@language=\count418
\c@savedlanguage=\count419
\c@origlanguage=\count420
\c@savedoriglanguage=\count421
\c@pageref=\count422
\c@savedpageref=\count423
\shorthandwidth=\skip62
\shortjournalwidth=\skip63
\shortserieswidth=\skip64
\shorttitlewidth=\skip65
\shortauthorwidth=\skip66
\shorteditorwidth=\skip67
\locallabelnumberwidth=\skip68
\locallabelalphawidth=\skip69
\localshorthandwidth=\skip70
\localshortjournalwidth=\skip71
\localshortserieswidth=\skip72
\localshorttitlewidth=\skip73
\localshortauthorwidth=\skip74
\localshorteditorwidth=\skip75
Package biblatex Info: Trying to load compatibility code...
Package biblatex Info: ... file 'blx-compat.def' found.

(/var/lib/miktex/.miktex/texmfs/install/tex/latex/biblatex/blx-compat.def
File: blx-compat.def 2025/07/10 v3.21 biblatex compatibility (PK/MW)
)
Package biblatex Info: Trying to load generic definitions...
Package biblatex Info: ... file 'biblatex.def' found.

(/var/lib/miktex/.miktex/texmfs/install/tex/latex/biblatex/biblatex.def
File: biblatex.def 2025/07/10 v3.21 biblatex compatibility (PK/MW)
\c@textcitecount=\count424
\c@textcitetotal=\count425
\c@textcitemaxnames=\count426
\c@biburlbigbreakpenalty=\count427
\c@biburlbreakpenalty=\count428
\c@biburlnumpenalty=\count429
\c@biburlucpenalty=\count430
\c@biburllcpenalty=\count431
\biburlbigskip=\muskip18
\biburlnumskip=\muskip19
\biburlucskip=\muskip20
\biburllcskip=\muskip21
\c@smartand=\count432
)
Package biblatex Info: Trying to load bibliography style 'abnt'...
Package biblatex Info: ... file 'abnt.bbx' found.

(/var/lib/miktex/.miktex/texmfs/install/tex/latex/biblatex-abnt/bbx/abnt.bbx
File: abnt.bbx 2018-11-17 v3.4 ABNT BibLaTeX citation style

(/var/lib/miktex/.miktex/texmfs/install/tex/latex/l3packages/xparse/xparse.sty
(/var/lib/miktex/.miktex/texmfs/install/tex/latex/l3kernel/expl3.sty
Package: expl3 2026-06-18 L3 programming layer (loader) 

(/var/lib/miktex/.miktex/texmfs/install/tex/latex/l3backend/l3backend-pdftex.de
f
File: l3backend-pdftex.def 2026-02-18 L3 backend support: PDF output (pdfTeX)
\l__color_backend_stack_int=\count433
))
Package: xparse 2025-10-09 L3 Experimental document command parser
) (/var/lib/miktex/.miktex/texmfs/install/tex/latex/xpatch/xpatch.sty
Package: xpatch 2020/03/25 v0.3a Extending etoolbox patching commands
)
Package biblatex Info: Trying to load bibliography style 'standard'...
Package biblatex Info: ... file 'standard.bbx' found.

(/var/lib/miktex/.miktex/texmfs/install/tex/latex/biblatex/bbx/standard.bbx
File: standard.bbx 2025/07/10 v3.21 biblatex bibliography style (PK/MW)
\c@bbx:relatedcount=\count434
\c@bbx:relatedtotal=\count435
))
Package biblatex Info: Trying to load citation style 'abnt'...
Package biblatex Info: ... file 'abnt.cbx' found.

(/var/lib/miktex/.miktex/texmfs/install/tex/latex/biblatex-abnt/cbx/abnt.cbx
File: abnt.cbx 2018-11-17 v3.4 ABNT BibLaTeX citation style
Package biblatex Info: Trying to load citation style 'authoryear-comp'...
Package biblatex Info: ... file 'authoryear-comp.cbx' found.

(/var/lib/miktex/.miktex/texmfs/install/tex/latex/biblatex/cbx/authoryear-comp.
cbx
File: authoryear-comp.cbx 2025/07/10 v3.21 biblatex citation style (PK/MW)
Package biblatex Info: Redefining '\cite'.
Package biblatex Info: Redefining '\parencite'.
Package biblatex Info: Redefining '\footcite'.
Package biblatex Info: Redefining '\footcitetext'.
Package biblatex Info: Redefining '\smartcite'.
Package biblatex Info: Redefining '\textcite'.
Package biblatex Info: Redefining '\textcites'.
Package biblatex Info: Redefining '\cites'.
Package biblatex Info: Redefining '\parencites'.
Package biblatex Info: Redefining '\footcites'.
Package biblatex Info: Redefining '\footcitetexts'.
Package biblatex Info: Redefining '\smartcites'.
)
Package biblatex Info: Redefining '\cite'.
Package biblatex Info: Redefining '\cites'.
Package biblatex Info: Redefining '\footcite'.
Package biblatex Info: Redefining '\footcites'.
Package biblatex Info: Redefining '\citetitle'.
Package biblatex Info: Redefining '\smartcite'.
Package biblatex Info: Redefining '\citeauthor'.
Package biblatex Info: Redefining '\citeyear'.
)
Package biblatex Info: Trying to load configuration file...
Package biblatex Info: ... file 'biblatex.cfg' found.
 (/var/lib/miktex/.miktex/texmfs/install/tex/latex/biblatex/biblatex.cfg
File: biblatex.cfg 
)
Package biblatex Info: Input encoding 'utf8' detected.
Package biblatex Info: Document encoding is UTF8 ....
Package biblatex Info: ... and expl3
(biblatex)             2026-06-18 L3 programming layer (loader) 
(biblatex)             is new enough (at least 2020/04/06),
(biblatex)             setting 'casechanger=expl3'.

(/var/lib/miktex/.miktex/texmfs/install/tex/latex/biblatex/blx-case-expl3.sty
Package: blx-case-expl3 2025/07/10 v3.21 expl3 case changing code for biblatex
)) (/var/lib/miktex/.miktex/texmfs/install/tex/latex/csquotes/csquotes.sty
Package: csquotes 2026-05-19 v5.2p context-sensitive quotations (JAW)
\csq@reset=\count436
\csq@gtype=\count437
\csq@glevel=\count438
\csq@qlevel=\count439
\csq@maxlvl=\count440
\csq@tshold=\count441
\csq@ltx@everypar=\toks22

(/var/lib/miktex/.miktex/texmfs/install/tex/latex/csquotes/csquotes.def
File: csquotes.def 2026-05-19 v5.2p csquotes generic definitions (JAW)
)
Package csquotes Info: Trying to load configuration file 'csquotes.cfg'...
Package csquotes Info: ... configuration file loaded successfully.

(/var/lib/miktex/.miktex/texmfs/install/tex/latex/csquotes/csquotes.cfg
File: csquotes.cfg 
))
Package csquotes Info: Allocating character ".

(/var/lib/miktex/.miktex/texmfs/install/tex/latex/psnfss/helvet.sty
Package: helvet 2020/03/25 PSNFSS-v9.3 (WaS) 
)
(/var/lib/miktex/.miktex/texmfs/install/tex/latex/enumitem/enumitem.sty
Package: enumitem 2025/02/06 v3.11 Customized lists
\labelindent=\skip76
\enit@outerparindent=\dimen175
\enit@toks=\toks23
\enit@inbox=\box53
\enit@count@id=\count442
\enitdp@description=\count443
)
(/var/lib/miktex/.miktex/texmfs/install/tex/latex/tools/calc.sty
Package: calc 2025/03/01 v4.3b Infix arithmetic (KKT,FJ)
\calc@Acount=\count444
\calc@Bcount=\count445
\calc@Adimen=\dimen176
\calc@Bdimen=\dimen177
\calc@Askip=\skip77
\calc@Bskip=\skip78
LaTeX Info: Redefining \setlength on input line 86.
LaTeX Info: Redefining \addtolength on input line 87.
\calc@Ccount=\count446
\calc@Cskip=\skip79
))
(/var/lib/miktex/.miktex/texmfs/install/tex/latex/float/float.sty
Package: float 2001/11/08 v1.3d Float enhancements (AL)
\c@float@type=\count447
\float@exts=\toks24
\float@box=\box54
\@float@everytoks=\toks25
\@floatcapt=\box55
)
(/var/lib/miktex/.miktex/texmfs/install/tex/latex/placeins/placeins.sty
Package: placeins 2005/04/18  v 2.2
)
(/var/lib/miktex/.miktex/texmfs/install/tex/latex/amsmath/amsmath.sty
Package: amsmath 2026/05/19 v2.18d AMS math features
\@mathmargin=\skip80

For additional information on amsmath, use the `?' option.
(/var/lib/miktex/.miktex/texmfs/install/tex/latex/amsmath/amstext.sty
Package: amstext 2024/11/17 v2.01 AMS text

(/var/lib/miktex/.miktex/texmfs/install/tex/latex/amsmath/amsgen.sty
File: amsgen.sty 1999/11/30 v2.0 generic functions
\@emptytoks=\toks26
\ex@=\dimen178
))
(/var/lib/miktex/.miktex/texmfs/install/tex/latex/amsmath/amsbsy.sty
Package: amsbsy 1999/11/29 v1.2d Bold Symbols
\pmbraise@=\dimen179
)
(/var/lib/miktex/.miktex/texmfs/install/tex/latex/amsmath/amsopn.sty
Package: amsopn 2022/04/08 v2.04 operator names
)
\inf@bad=\count448
LaTeX Info: Redefining \frac on input line 233.
\uproot@=\count449
\leftroot@=\count450
LaTeX Info: Redefining \overline on input line 398.
LaTeX Info: Redefining \colon on input line 409.
\classnum@=\count451
\DOTSCASE@=\count452
LaTeX Info: Redefining \ldots on input line 495.
LaTeX Info: Redefining \dots on input line 498.
LaTeX Info: Redefining \cdots on input line 619.
\Mathstrutbox@=\box56
\strutbox@=\box57
LaTeX Info: Redefining \big on input line 721.
LaTeX Info: Redefining \Big on input line 722.
LaTeX Info: Redefining \bigg on input line 723.
LaTeX Info: Redefining \Bigg on input line 724.
\big@size=\dimen180
LaTeX Font Info:    Redeclaring font encoding OML on input line 742.
LaTeX Font Info:    Redeclaring font encoding OMS on input line 743.
\macc@depth=\count453
LaTeX Info: Redefining \bmod on input line 904.
LaTeX Info: Redefining \pmod on input line 909.
LaTeX Info: Redefining \smash on input line 939.
LaTeX Info: Redefining \relbar on input line 969.
LaTeX Info: Redefining \Relbar on input line 970.
\c@MaxMatrixCols=\count454
\dotsspace@=\muskip22
\c@parentequation=\count455
\dspbrk@lvl=\count456
\tag@help=\toks27
\row@=\count457
\column@=\count458
\maxfields@=\count459
\andhelp@=\toks28
\eqnshift@=\dimen181
\alignsep@=\dimen182
\tagshift@=\dimen183
\tagwidth@=\dimen184
\totwidth@=\dimen185
\lineht@=\dimen186
\@envbody=\toks29
\multlinegap=\skip81
\multlinetaggap=\skip82
\mathdisplay@stack=\toks30
LaTeX Info: Redefining \[ on input line 2965.
LaTeX Info: Redefining \] on input line 2966.
)
(/var/lib/miktex/.miktex/texmfs/install/tex/latex/amsfonts/amssymb.sty
Package: amssymb 2013/01/14 v3.01 AMS font symbols

(/var/lib/miktex/.miktex/texmfs/install/tex/latex/amsfonts/amsfonts.sty
Package: amsfonts 2013/01/14 v3.01 Basic AMSFonts support
\symAMSa=\mathgroup4
\symAMSb=\mathgroup5
LaTeX Font Info:    Redeclaring math symbol \hbar on input line 98.
LaTeX Font Info:    Overwriting math alphabet `\mathfrak' in version `bold'
(Font)                  U/euf/m/n --> U/euf/b/n on input line 106.
))
(/var/lib/miktex/.miktex/texmfs/install/tex/latex/psnfss/pifont.sty
Package: pifont 2020/03/25 PSNFSS-v9.3 Pi font support (SPQR) 
LaTeX Font Info:    Trying to load font information for U+pzd on input line 63.


(/var/lib/miktex/.miktex/texmfs/install/tex/latex/psnfss/upzd.fd
File: upzd.fd 2001/06/04 font definitions for U/pzd.
)
LaTeX Font Info:    Trying to load font information for U+psy on input line 64.


(/var/lib/miktex/.miktex/texmfs/install/tex/latex/psnfss/upsy.fd
File: upsy.fd 2001/06/04 font definitions for U/psy.
)) (Dados.tex)
(/var/lib/miktex/.miktex/texmfs/install/tex/latex/lipsum/lipsum.sty
(/var/lib/miktex/.miktex/texmfs/install/tex/latex/l3packages/l3keys2e/l3keys2e.
sty
Package: l3keys2e 2025-10-09 LaTeX2e option processing using LaTeX3 keys
)
Package: lipsum 2021-09-20 v2.7 150 paragraphs of Lorem Ipsum dummy text
\g__lipsum_par_int=\count460
\l__lipsum_a_int=\count461
\l__lipsum_b_int=\count462
 (/var/lib/miktex/.miktex/texmfs/install/tex/latex/lipsum/lipsum.ltd.tex))
Package csquotes Info: Checking for multilingual support...
Package csquotes Info: ... found 'babel' package.
Package csquotes Info: Adjusting default style.
Package csquotes Info: Redefining alias 'default' -> 'brazil'.
LaTeX Font Info:    Trying to load font information for T1+phv on input line 23
.

(/var/lib/miktex/.miktex/texmfs/install/tex/latex/psnfss/t1phv.fd
File: t1phv.fd 2020/03/25 scalable font definitions for T1/phv.
)
LaTeX Font Info:    Font shape `T1/phv/m/n' will be
(Font)              scaled to size 11.39996pt on input line 23.
 (main.aux
Package babel Info: 'brazil' activates 'portuges' shorthands.
(babel)             Reported on input line 10.
)
\openout1 = `main.aux'.

LaTeX Font Info:    Checking defaults for OML/cmm/m/it on input line 23.
LaTeX Font Info:    ... okay on input line 23.
LaTeX Font Info:    Checking defaults for OMS/cmsy/m/n on input line 23.
LaTeX Font Info:    ... okay on input line 23.
LaTeX Font Info:    Checking defaults for OT1/cmr/m/n on input line 23.
LaTeX Font Info:    ... okay on input line 23.
LaTeX Font Info:    Checking defaults for T1/cmr/m/n on input line 23.
LaTeX Font Info:    ... okay on input line 23.
LaTeX Font Info:    Checking defaults for TS1/cmr/m/n on input line 23.
LaTeX Font Info:    ... okay on input line 23.
LaTeX Font Info:    Checking defaults for OMX/cmex/m/n on input line 23.
LaTeX Font Info:    ... okay on input line 23.
LaTeX Font Info:    Checking defaults for U/cmr/m/n on input line 23.
LaTeX Font Info:    ... okay on input line 23.
LaTeX Font Info:    Checking defaults for PD1/pdf/m/n on input line 23.
LaTeX Font Info:    ... okay on input line 23.
LaTeX Font Info:    Checking defaults for PU/pdf/m/n on input line 23.
LaTeX Font Info:    ... okay on input line 23.
Package caption Info: Begin \AtBeginDocument code.
Package caption Info: float package is loaded.
Package caption Info: hyperref package is loaded.
Package caption Info: End \AtBeginDocument code.
Package newfloat Info: `float' package detected.

*geometry* driver: auto-detecting
*geometry* detected driver: pdftex
*geometry* verbose mode - [ preamble ] result:
* driver: pdftex
* paper: a4paper
* layout: <same size as paper>
* layoutoffset:(h,v)=(0.0pt,0.0pt)
* modes: 
* h-part:(L,W,R)=(85.35826pt, 455.24411pt, 56.9055pt)
* v-part:(T,H,B)=(85.35826pt, 702.78308pt, 56.9055pt)
* \paperwidth=597.50787pt
* \paperheight=845.04684pt
* \textwidth=455.24411pt
* \textheight=702.78308pt
* \oddsidemargin=13.08827pt
* \evensidemargin=13.08827pt
* \topmargin=-23.91173pt
* \headheight=12.0pt
* \headsep=25.0pt
* \topskip=12.0pt
* \footskip=30.0pt
* \marginparwidth=35.0pt
* \marginparsep=10.0pt
* \columnsep=10.0pt
* \skip\footins=10.8pt plus 4.0pt minus 2.0pt
* \hoffset=0.0pt
* \voffset=0.0pt
* \mag=1000
* \@twocolumnfalse
* \@twosidefalse
* \@mparswitchfalse
* \@reversemarginfalse
* (1in=72.27pt=25.4mm, 1cm=28.453pt)

Package hyperref Info: Link coloring OFF on input line 23.
(main.out) (main.out)
\@outlinefile=\write4
\openout4 = `main.out'.


(/var/lib/miktex/.miktex/texmfs/install/tex/context/base/mkii/supp-pdf.mkii
[Loading MPS to PDF converter (version 2006.09.02).]
\scratchcounter=\count463
\scratchdimen=\dimen187
\scratchbox=\box58
\nofMPsegments=\count464
\nofMParguments=\count465
\everyMPshowfont=\toks31
\MPscratchCnt=\count466
\MPscratchDim=\dimen188
\MPnumerator=\count467
\makeMPintoPDFobject=\count468
\everyMPtoPDFconversion=\toks32
)
(/var/lib/miktex/.miktex/texmfs/install/tex/latex/epstopdf-pkg/epstopdf-base.st
y
Package: epstopdf-base 2020-01-24 v2.11 Base part for package epstopdf
Package epstopdf-base Info: Redefining graphics rule for `.eps' on input line 4
85.
 (/var/lib/miktex/.miktex/texmfs/install/tex/latex/00miktex/epstopdf-sys.cfg
File: epstopdf-sys.cfg 2021/03/18 v2.0 Configuration of epstopdf for MiKTeX
))
Package biblatex Info: Trying to load language 'brazil' -> 'brazil-abnt'...
Package biblatex Info: ... file 'brazil-abnt.lbx' found.

(/var/lib/miktex/.miktex/texmfs/install/tex/latex/biblatex-abnt/lbx/brazil-abnt
.lbx
File: brazil-abnt.lbx 2018-11-17 v3.4 ABNT BibLaTeX citation style
Package biblatex Info: Trying to load language 'brazilian-abnt'...
Package biblatex Info: ... file 'brazilian-abnt.lbx' found.

(/var/lib/miktex/.miktex/texmfs/install/tex/latex/biblatex-abnt/lbx/brazilian-a
bnt.lbx
File: brazilian-abnt.lbx 2018-11-17 v3.4 ABNT BibLaTeX citation style
Package biblatex Info: Trying to load language 'brazilian' -> 'brazilian-abnt'.
..
Package biblatex Info: ... file 'brazilian-abnt.lbx' found.

(/var/lib/miktex/.miktex/texmfs/install/tex/latex/biblatex-abnt/lbx/brazilian-a
bnt.lbx
File: brazilian-abnt.lbx 2018-11-17 v3.4 ABNT BibLaTeX citation style
Package biblatex Info: Trying to load language 'brazilian'...
Package biblatex Info: ... file 'brazilian.lbx' found.

(/var/lib/miktex/.miktex/texmfs/install/tex/latex/biblatex/lbx/brazilian.lbx
File: brazilian.lbx 2025/07/10 v3.21 biblatex localization (PK/MW)
)))
Package biblatex Info: Trying to load language 'brazilian-abnt'...
Package biblatex Info: ... file 'brazilian-abnt.lbx' found.

(/var/lib/miktex/.miktex/texmfs/install/tex/latex/biblatex-abnt/lbx/brazilian-a
bnt.lbx
File: brazilian-abnt.lbx 2018-11-17 v3.4 ABNT BibLaTeX citation style
Package biblatex Info: Trying to load language 'brazilian' -> 'brazilian-abnt'.
..
Package biblatex Info: ... file 'brazilian-abnt.lbx' found.

(/var/lib/miktex/.miktex/texmfs/install/tex/latex/biblatex-abnt/lbx/brazilian-a
bnt.lbx
File: brazilian-abnt.lbx 2018-11-17 v3.4 ABNT BibLaTeX citation style
Package biblatex Info: Trying to load language 'brazilian'...
Package biblatex Info: ... file 'brazilian.lbx' found.

(/var/lib/miktex/.miktex/texmfs/install/tex/latex/biblatex/lbx/brazilian.lbx
File: brazilian.lbx 2025/07/10 v3.21 biblatex localization (PK/MW)
)
Package biblatex Info: Trying to load language 'brazil'...
Package biblatex Info: ... file 'brazil.lbx' found.

(/var/lib/miktex/.miktex/texmfs/install/tex/latex/biblatex/lbx/brazil.lbx
File: brazil.lbx 2025/07/10 v3.21 biblatex localization (PK/MW)
Package biblatex Info: Trying to load language 'brazilian'...
Package biblatex Info: ... file 'brazilian.lbx' found.

(/var/lib/miktex/.miktex/texmfs/install/tex/latex/biblatex/lbx/brazilian.lbx
File: brazilian.lbx 2025/07/10 v3.21 biblatex localization (PK/MW)
)))
Package biblatex Info: Trying to load language 'brazil'...
Package biblatex Info: ... file 'brazil.lbx' found.
(/var/lib/miktex/.miktex/texmfs/install/tex/latex/biblatex/lbx/brazil.lbx
File: brazil.lbx 2025/07/10 v3.21 biblatex localization (PK/MW)
Package biblatex Info: Trying to load language 'brazilian' -> 'brazilian-abnt'.
..
Package biblatex Info: ... file 'brazilian-abnt.lbx' found.

(/var/lib/miktex/.miktex/texmfs/install/tex/latex/biblatex-abnt/lbx/brazilian-a
bnt.lbx
File: brazilian-abnt.lbx 2018-11-17 v3.4 ABNT BibLaTeX citation style
Package biblatex Info: Trying to load language 'brazilian'...
Package biblatex Info: ... file 'brazilian.lbx' found.

(/var/lib/miktex/.miktex/texmfs/install/tex/latex/biblatex/lbx/brazilian.lbx
File: brazilian.lbx 2025/07/10 v3.21 biblatex localization (PK/MW)
)
Package biblatex Info: Trying to load language 'brazil'...
Package biblatex Info: ... file 'brazil.lbx' found.

(/var/lib/miktex/.miktex/texmfs/install/tex/latex/biblatex/lbx/brazil.lbx
File: brazil.lbx 2025/07/10 v3.21 biblatex localization (PK/MW)
Package biblatex Info: Trying to load language 'brazilian'...
Package biblatex Info: ... file 'brazilian.lbx' found.

(/var/lib/miktex/.miktex/texmfs/install/tex/latex/biblatex/lbx/brazilian.lbx
File: brazilian.lbx 2025/07/10 v3.21 biblatex localization (PK/MW)
))))))
Package biblatex Info: Trying to load language 'english' -> 'english-abnt'...
Package biblatex Info: ... file 'english-abnt.lbx' found.

(/var/lib/miktex/.miktex/texmfs/install/tex/latex/biblatex-abnt/lbx/english-abn
t.lbx
File: english-abnt.lbx 2018-11-17 v3.4 ABNT BibLaTeX citation style
Package biblatex Info: Trying to load language 'english'...
Package biblatex Info: ... file 'english.lbx' found.

(/var/lib/miktex/.miktex/texmfs/install/tex/latex/biblatex/lbx/english.lbx
File: english.lbx 2025/07/10 v3.21 biblatex localization (PK/MW)
)
Package biblatex Info: Trying to load language 'english'...
Package biblatex Info: ... file 'english.lbx' found.

(/var/lib/miktex/.miktex/texmfs/install/tex/latex/biblatex/lbx/english.lbx
File: english.lbx 2025/07/10 v3.21 biblatex localization (PK/MW)
)
Package biblatex Info: Trying to load language 'english'...
Package biblatex Info: ... file 'english.lbx' found.

(/var/lib/miktex/.miktex/texmfs/install/tex/latex/biblatex/lbx/english.lbx
File: english.lbx 2025/07/10 v3.21 biblatex localization (PK/MW)
))
Package biblatex Info: Input encoding 'utf8' detected.
Package biblatex Info: Automatic encoding selection.
(biblatex)             Assuming data encoding 'utf8'.
\openout3 = `main.bcf'.

Package biblatex Info: Trying to load bibliographic data...
Package biblatex Info: ... file 'main.bbl' found.

(main.bbl

Package biblatex Warning: Biber reported the following issues
(biblatex)                with 'numpy_docs':
(biblatex)                - misc entry 'numpy_docs' (Referencias.bib): Invalid 
format '5 jun. 2026' of date field 'urldate' - ignoring.


Package biblatex Warning: Biber reported the following issues
(biblatex)                with 'opencv_python_docs':
(biblatex)                - misc entry 'opencv_python_docs' (Referencias.bib): 
Invalid format '5 jun. 2026' of date field 'urldate' - ignoring.


Package biblatex Warning: Biber reported the following issues
(biblatex)                with 'pillow_docs':
(biblatex)                - misc entry 'pillow_docs' (Referencias.bib): Invalid
 format '5 jun. 2026' of date field 'urldate' - ignoring.


Package biblatex Warning: Biber reported the following issues
(biblatex)                with 'pynput_docs':
(biblatex)                - misc entry 'pynput_docs' (Referencias.bib): Invalid
 format '5 jun. 2026' of date field 'urldate' - ignoring.


Package biblatex Warning: Biber reported the following issues
(biblatex)                with 'cryptography_fernet_docs':
(biblatex)                - misc entry 'cryptography_fernet_docs' (Referencias.
bib): Invalid format '5 jun. 2026' of date field 'urldate' - ignoring.


Package biblatex Warning: Biber reported the following issues
(biblatex)                with 'python_docs':
(biblatex)                - misc entry 'python_docs' (Referencias.bib): Invalid
 format '5 jun. 2026' of date field 'urldate' - ignoring.


Package biblatex Warning: Biber reported the following issues
(biblatex)                with 'tkinter_docs':
(biblatex)                - misc entry 'tkinter_docs' (Referencias.bib): Invali
d format '5 jun. 2026' of date field 'urldate' - ignoring.


Package biblatex Warning: Biber reported the following issues
(biblatex)                with 'sqlite_docs':
(biblatex)                - misc entry 'sqlite_docs' (Referencias.bib): Invalid
 format '5 jun. 2026' of date field 'urldate' - ignoring.

)
Package biblatex Info: Reference section=0 on input line 23.
Package biblatex Info: Reference segment=0 on input line 23.
Package csquotes Info: Redefining character " on input line 23.
Package babel Info: Main language set to 'brazil'.
LaTeX Font Info:    Font shape `T1/phv/b/n' will be
(Font)              scaled to size 11.39996pt on input line 24.


[1

{/var/lib/miktex/.miktex/texmfs/data/fonts/map/pdftex/pdftex.map}{/var/lib/mikt
ex/.miktex/texmfs/install/fonts/enc/dvips/base/8r.enc}]
LaTeX Font Info:    Trying to load font information for TS1+phv on input line 2
8.

(/var/lib/miktex/.miktex/texmfs/install/tex/latex/psnfss/ts1phv.fd
File: ts1phv.fd 2020/03/25 scalable font definitions for TS1/phv.
)
LaTeX Font Info:    Font shape `TS1/phv/m/n' will be
(Font)              scaled to size 11.39996pt on input line 28.
LaTeX Font Info:    Trying to load font information for U+msa on input line 28.


(/var/lib/miktex/.miktex/texmfs/install/tex/latex/amsfonts/umsa.fd
File: umsa.fd 2013/01/14 v3.01 AMS symbols A
)
LaTeX Font Info:    Trying to load font information for U+msb on input line 28.


(/var/lib/miktex/.miktex/texmfs/install/tex/latex/amsfonts/umsb.fd
File: umsb.fd 2013/01/14 v3.01 AMS symbols B
)


pdfTeX warning (ext4): destination with the same identifier (name{page.1}) has 
been already used, duplicate ignored
<to be read again> 
                   \relax 
l.28 \makecover
                % folha de rosto               (obrigatório) [1

]


pdfTeX warning (ext4): destination with the same identifier (name{page.1}) has 
been already used, duplicate ignored
<to be read again> 
                   \relax 
l.30 \makeapproval
                   %                           (obrigatório) [1]
(1-Pre-Textual/Agradecimentos.tex) (1-Pre-Textual/Resumo.tex


pdfTeX warning (ext4): destination with the same identifier (name{page.1}) has 
been already used, duplicate ignored
<to be read again> 
                   \relax 
l.1 \begin{abstract}
                     [1

]
LaTeX Font Info:    Font shape `T1/phv/m/it' in size <12> not available
(Font)              Font shape `T1/phv/m/sl' tried instead on input line 3.
LaTeX Font Info:    Font shape `T1/phv/m/sl' will be
(Font)              scaled to size 11.39996pt on input line 3.
Package acronym Info: Label `acro:NFC' newly defined as it shall be overridden
although it is yet undefined on input line 3.
Package acronym Info: Label `acro:LGPD' newly defined as it shall be overridden

although it is yet undefined on input line 3.
Package acronym Info: Label `acro:FAR' newly defined as it shall be overridden
although it is yet undefined on input line 3.
Package acronym Info: Label `acro:FRR' newly defined as it shall be overridden
although it is yet undefined on input line 3.
Package acronym Info: Label `acro:NFC' overridden on input line 5.
) (1-Pre-Textual/Abstract.tex

[2

]
Package acronym Info: Label `acro:NFC' overridden on input line 10.
)
LaTeX Font Info:    Font shape `T1/phv/m/n' will be
(Font)              scaled to size 10.40245pt on input line 38.


[3

] (main.lof
LaTeX Font Info:    Font shape `T1/phv/m/it' in size <10.95> not available
(Font)              Font shape `T1/phv/m/sl' tried instead on input line 6.
LaTeX Font Info:    Font shape `T1/phv/m/sl' will be
(Font)              scaled to size 10.40245pt on input line 6.
)
\tf@lof=\write5
\openout5 = `main.lof'.



[4

] (main.lot)
\tf@lot=\write6
\openout6 = `main.lot'.

 (1-Pre-Textual/Siglas.tex

[5

])

[6

]
*geometry* verbose mode - [ newgeometry ] result:
* driver: pdftex
* paper: a4paper
* layout: <same size as paper>
* layoutoffset:(h,v)=(0.0pt,0.0pt)
* modes: 
* h-part:(L,W,R)=(56.9055pt, 483.69687pt, 56.9055pt)
* v-part:(T,H,B)=(56.9055pt, 731.23584pt, 56.9055pt)
* \paperwidth=597.50787pt
* \paperheight=845.04684pt
* \textwidth=483.69687pt
* \textheight=731.23584pt
* \oddsidemargin=-15.36449pt
* \evensidemargin=-15.36449pt
* \topmargin=-52.36449pt
* \headheight=12.0pt
* \headsep=25.0pt
* \topskip=12.0pt
* \footskip=30.0pt
* \marginparwidth=35.0pt
* \marginparsep=10.0pt
* \columnsep=10.0pt
* \skip\footins=10.8pt plus 4.0pt minus 2.0pt
* \hoffset=0.0pt
* \voffset=0.0pt
* \mag=1000
* \@twocolumnfalse
* \@twosidefalse
* \@mparswitchfalse
* \@reversemarginfalse
* (1in=72.27pt=25.4mm, 1cm=28.453pt)

 (main.toc
LaTeX Font Info:    Font shape `T1/phv/b/it' in size <12> not available
(Font)              Font shape `T1/phv/b/sl' tried instead on input line 36.
LaTeX Font Info:    Font shape `T1/phv/b/sl' will be
(Font)              scaled to size 11.39996pt on input line 36.


[7


]

[8])
\tf@toc=\write7
\openout7 = `main.toc'.



[9] (2-Textual/1-Introducao.tex
Cap\'{\i }tulo 1.
Package acronym Info: Label `acro:RFID' newly defined as it shall be overridden

although it is yet undefined on input line 3.
Package acronym Info: Label `acro:NFC' overridden on input line 3.
Package acronym Info: Label `acro:CEFET-MG' newly defined as it shall be overri
dden
although it is yet undefined on input line 3.
Package acronym Info: Label `acro:LGPD' overridden on input line 7.



pdfTeX warning (ext4): destination with the same identifier (name{page.1}) has 
been already used, duplicate ignored
<to be read again> 
                   \relax 
l.8 
     [1



]
Package acronym Info: Label `acro:CEFET-MG' overridden on input line 9.
Package acronym Info: Label `acro:CEFET-MG' overridden on input line 11.
Package acronym Info: Label `acro:NFC' overridden on input line 15.
Package acronym Info: Label `acro:CEFET-MG' overridden on input line 15.



pdfTeX warning (ext4): destination with the same identifier (name{page.2}) has 
been already used, duplicate ignored
<to be read again> 
                   \relax 
l.21     \item R
                ealizar uma prospecção de técnicas e modelos de reconheci...
[2]
Package acronym Info: Label `acro:FAR' overridden on input line 24.
Package acronym Info: Label `acro:FRR' overridden on input line 24.
)


pdfTeX warning (ext4): destination with the same identifier (name{page.3}) has 
been already used, duplicate ignored
<to be read again> 
                   \relax 
l.58 \clearpage
                [3] (2-Textual/2-Fundamentacao-Teorica.tex
Cap\'{\i }tulo 2.
Package acronym Info: Label `acro:NFC' overridden on input line 12.



pdfTeX warning (ext4): destination with the same identifier (name{page.4}) has 
been already used, duplicate ignored
<to be read again> 
                   \relax 
l.17 
      [4


]
Package acronym Info: Label `acro:RFID' overridden on input line 22.
Package acronym Info: Label `acro:NFC' overridden on input line 22.
Package acronym Info: Label `acro:RFID' overridden on input line 26.
Package acronym Info: Label `acro:RFID' overridden on input line 28.
Package acronym Info: Label `acro:UID' newly defined as it shall be overridden
although it is yet undefined on input line 28.
Package acronym Info: Label `acro:RFID' overridden on input line 30.



pdfTeX warning (ext4): destination with the same identifier (name{page.5}) has 
been already used, duplicate ignored
<to be read again> 
                   \relax 
l.31 
      [5]
Package acronym Info: Label `acro:NFC' overridden on input line 35.
Package acronym Info: Label `acro:RFID' overridden on input line 35.
Package acronym Info: Label `acro:RFID' overridden on input line 35.
Package acronym Info: Label `acro:NFC' overridden on input line 37.
Package acronym Info: Label `acro:NFC' overridden on input line 37.
Package acronym Info: Label `acro:NFC' overridden on input line 39.
Package acronym Info: Label `acro:RFID' overridden on input line 39.
Package acronym Info: Label `acro:NFC' overridden on input line 41.
Package acronym Info: Label `acro:RFID' overridden on input line 41.
<Imagens/nfc.png, id=768, 529.98pt x 451.6875pt>
File: Imagens/nfc.png Graphic file (type png)
<use Imagens/nfc.png>
Package pdftex.def Info: Imagens/nfc.png  used on input line 48.
(pdftex.def)             Requested size: 318.66948pt x 271.59352pt.
LaTeX Font Info:    Font shape `T1/phv/m/n' will be
(Font)              scaled to size 9.49997pt on input line 49.



pdfTeX warning (ext4): destination with the same identifier (name{page.6}) has 
been already used, duplicate ignored
<to be read again> 
                   \relax 
l.52 
      [6]
Package acronym Info: Label `acro:RFID' overridden on input line 55.
Package acronym Info: Label `acro:NFC' overridden on input line 55.



pdfTeX warning (ext4): destination with the same identifier (name{page.7}) has 
been already used, duplicate ignored
<to be read again> 
                   \relax 
l.64 
      [7 <./Imagens/nfc.png>]


pdfTeX warning (ext4): destination with the same identifier (name{page.8}) has 
been already used, duplicate ignored
<to be read again> 
                   \relax 
l.74 
      [8]


pdfTeX warning (ext4): destination with the same identifier (name{page.9}) has 
been already used, duplicate ignored
<to be read again> 
                   \relax 
l.91 
      [9]
Package acronym Info: Label `acro:FAR' overridden on input line 98.
Package acronym Info: Label `acro:FRR' overridden on input line 98.


[10]

[11]
Package acronym Info: Label `acro:RGB' newly defined as it shall be overridden
although it is yet undefined on input line 118.


[12]

[13]
<Imagens/vectors.png, id=879, 853.1875pt x 504.88625pt>
File: Imagens/vectors.png Graphic file (type png)
<use Imagens/vectors.png>
Package pdftex.def Info: Imagens/vectors.png  used on input line 147.
(pdftex.def)             Requested size: 364.19667pt x 215.52524pt.


[14 <./Imagens/vectors.png>]
LaTeX Font Info:    Font shape `T1/phv/m/n' will be
(Font)              scaled to size 7.59998pt on input line 167.
LaTeX Font Info:    Font shape `T1/phv/m/n' will be
(Font)              scaled to size 5.69998pt on input line 167.


[15]

[16]

[17]

[18]
<Imagens/triplet.png, id=949, 1258.7025pt x 627.09282pt>
File: Imagens/triplet.png Graphic file (type png)
<use Imagens/triplet.png>
Package pdftex.def Info: Imagens/triplet.png  used on input line 230.
(pdftex.def)             Requested size: 409.71692pt x 204.11852pt.


[19 <./Imagens/triplet.png (PNG copy)>]

[20]

[21]

[22]
<Imagens/face_recognition.jpg, id=1007, 803.0pt x 521.95pt>
File: Imagens/face_recognition.jpg Graphic file (type jpg)
<use Imagens/face_recognition.jpg>
Package pdftex.def Info: Imagens/face_recognition.jpg  used on input line 280.
(pdftex.def)             Requested size: 364.19667pt x 236.731pt.
Package acronym Info: Label `acro:TP' newly defined as it shall be overridden
although it is yet undefined on input line 293.
Package acronym Info: Label `acro:TN' newly defined as it shall be overridden
although it is yet undefined on input line 293.


[23 <./Imagens/face_recognition.jpg>]
Package acronym Info: Label `acro:FP' newly defined as it shall be overridden
although it is yet undefined on input line 295.
Package acronym Info: Label `acro:FN' newly defined as it shall be overridden
although it is yet undefined on input line 295.
Package acronym Info: Label `acro:FAR' overridden on input line 299.
Package acronym Info: Label `acro:FRR' overridden on input line 299.
Package acronym Info: Label `acro:FAR' overridden on input line 307.
Package acronym Info: Label `acro:FRR' overridden on input line 307.
Package acronym Info: Label `acro:FRR' overridden on input line 307.
Package acronym Info: Label `acro:FAR' overridden on input line 307.
Package acronym Info: Label `acro:FAR' overridden on input line 312.
Package acronym Info: Label `acro:FRR' overridden on input line 312.


[24]
Package acronym Info: Label `acro:FAR' overridden on input line 314.


[25]
Package acronym Info: Label `acro:LGPD' overridden on input line 330.


[26]

[27]) (2-Textual/3-Trabalhos-Relacionados.tex

[28]
Cap\'{\i }tulo 3.
Package acronym Info: Label `acro:FAR' overridden on input line 10.
Package acronym Info: Label `acro:FRR' overridden on input line 10.


[29

]
Package acronym Info: Label `acro:FAR' overridden on input line 16.
Package acronym Info: Label `acro:FRR' overridden on input line 16.
Package acronym Info: Label `acro:FAR' overridden on input line 18.
Package acronym Info: Label `acro:FRR' overridden on input line 18.


[30]
Overfull \hbox (20.39778pt too wide) in paragraph at lines 26--51
 [][] 
 []

) (2-Textual/4-Metodologia.tex

[31]
Cap\'{\i }tulo 4.
Package acronym Info: Label `acro:NFC' overridden on input line 4.
<Imagens/diagramaBlocos.png, id=1164, 884.30376pt x 186.6975pt>
File: Imagens/diagramaBlocos.png Graphic file (type png)
<use Imagens/diagramaBlocos.png>
Package pdftex.def Info: Imagens/diagramaBlocos.png  used on input line 14.
(pdftex.def)             Requested size: 455.24411pt x 96.11467pt.
Package acronym Info: Label `acro:LGPD' overridden on input line 25.
Package acronym Info: Label `acro:GANs' newly defined as it shall be overridden

although it is yet undefined on input line 25.


[32

 <./Imagens/diagramaBlocos.png>]

[33]
Package acronym Info: Label `acro:JSON' newly defined as it shall be overridden

although it is yet undefined on input line 39.
Package acronym Info: Label `acro:PoC' newly defined as it shall be overridden
although it is yet undefined on input line 47.
Package acronym Info: Label `acro:JSON' overridden on input line 51.


[34]
<Imagens/face1.jpg, id=1202, 1027.84pt x 1027.84pt>
File: Imagens/face1.jpg Graphic file (type jpg)
<use Imagens/face1.jpg>
Package pdftex.def Info: Imagens/face1.jpg  used on input line 71.
(pdftex.def)             Requested size: 145.68144pt x 145.66885pt.
<Imagens/face2.jpg, id=1203, 1027.84pt x 1027.84pt>
File: Imagens/face2.jpg Graphic file (type jpg)
<use Imagens/face2.jpg>
Package pdftex.def Info: Imagens/face2.jpg  used on input line 77.
(pdftex.def)             Requested size: 145.68144pt x 145.66885pt.
<Imagens/face3.jpg, id=1204, 1027.84pt x 1027.84pt>
File: Imagens/face3.jpg Graphic file (type jpg)
<use Imagens/face3.jpg>
Package pdftex.def Info: Imagens/face3.jpg  used on input line 83.
(pdftex.def)             Requested size: 145.68144pt x 145.66885pt.
<Imagens/face4.jpg, id=1205, 1027.84pt x 1027.84pt>
File: Imagens/face4.jpg Graphic file (type jpg)
<use Imagens/face4.jpg>
Package pdftex.def Info: Imagens/face4.jpg  used on input line 89.
(pdftex.def)             Requested size: 145.68144pt x 145.66885pt.
LaTeX Font Info:    Font shape `T1/phv/m/it' in size <10> not available
(Font)              Font shape `T1/phv/m/sl' tried instead on input line 94.
LaTeX Font Info:    Font shape `T1/phv/m/sl' will be
(Font)              scaled to size 9.49997pt on input line 94.


[35]
Package acronym Info: Label `acro:JSON' overridden on input line 98.


[36 <./Imagens/face1.jpg> <./Imagens/face2.jpg> <./Imagens/face3.jpg> <./Imagen
s/face4.jpg>]
Package acronym Info: Label `acro:JSON' overridden on input line 112.


[37]

[38]
Package acronym Info: Label `acro:FAR' overridden on input line 135.
Package acronym Info: Label `acro:FRR' overridden on input line 135.


[39]
<Imagens/diagrama2.png, id=1259, 1990.43625pt x 795.97375pt>
File: Imagens/diagrama2.png Graphic file (type png)
<use Imagens/diagrama2.png>
Package pdftex.def Info: Imagens/diagrama2.png  used on input line 167.
(pdftex.def)             Requested size: 455.24411pt x 182.04988pt.


[40]

[41 <./Imagens/diagrama2.png (PNG copy)>]

[42]

[43]

[44]
<Imagens/armazenamento_seguro.png, id=1313, 1258.7025pt x 177.66376pt>
File: Imagens/armazenamento_seguro.png Graphic file (type png)
<use Imagens/armazenamento_seguro.png>
Package pdftex.def Info: Imagens/armazenamento_seguro.png  used on input line 2
39.
(pdftex.def)             Requested size: 455.24411pt x 64.2571pt.


[45 <./Imagens/armazenamento_seguro.png>]

[46]

[47]

[48]) (2-Textual/5-Resultados-Discussoes.tex

[49]
Cap\'{\i }tulo 5.
Package acronym Info: Label `acro:PoC' overridden on input line 8.
Package acronym Info: Label `acro:FAR' overridden on input line 10.
Package acronym Info: Label `acro:FRR' overridden on input line 10.
Package acronym Info: Label `acro:NFC' overridden on input line 10.


[50

]
<Imagens/result1.png, id=1347, 1110.0672pt x 544.9158pt>
File: Imagens/result1.png Graphic file (type png)
<use Imagens/result1.png>
Package pdftex.def Info: Imagens/result1.png  used on input line 26.
(pdftex.def)             Requested size: 455.24411pt x 223.46681pt.


[51 <./Imagens/result1.png>]
Package acronym Info: Label `acro:FAR' overridden on input line 37.
Package acronym Info: Label `acro:FRR' overridden on input line 37.
Package acronym Info: Label `acro:FAR' overridden on input line 43.
Package acronym Info: Label `acro:FRR' overridden on input line 43.


[52]
Package acronym Info: Label `acro:TP' overridden on input line 64.
Package acronym Info: Label `acro:FN' overridden on input line 64.
Package acronym Info: Label `acro:FP' overridden on input line 64.
Package acronym Info: Label `acro:TN' overridden on input line 64.
Package acronym Info: Label `acro:FAR' overridden on input line 64.
Package acronym Info: Label `acro:FRR' overridden on input line 64.
Package acronym Info: Label `acro:FAR' overridden on input line 66.
Package acronym Info: Label `acro:FRR' overridden on input line 66.
Package acronym Info: Label `acro:FAR' overridden on input line 66.
Package acronym Info: Label `acro:FRR' overridden on input line 66.


[53]
Package acronym Info: Label `acro:FAR' overridden on input line 76.
Package acronym Info: Label `acro:FRR' overridden on input line 76.
<Imagens/pessoas_iguais.png, id=1389, 1110.0672pt x 544.9158pt>
File: Imagens/pessoas_iguais.png Graphic file (type png)
<use Imagens/pessoas_iguais.png>
Package pdftex.def Info: Imagens/pessoas_iguais.png  used on input line 91.
(pdftex.def)             Requested size: 409.71692pt x 201.11679pt.


[54]
<Imagens/pessoas_diferentes.png, id=1396, 1110.0672pt x 544.9158pt>
File: Imagens/pessoas_diferentes.png Graphic file (type png)
<use Imagens/pessoas_diferentes.png>
Package pdftex.def Info: Imagens/pessoas_diferentes.png  used on input line 100
.
(pdftex.def)             Requested size: 409.71692pt x 201.11679pt.


[55 <./Imagens/pessoas_iguais.png> <./Imagens/pessoas_diferentes.png>]
Package acronym Info: Label `acro:FAR' overridden on input line 117.
Package acronym Info: Label `acro:FRR' overridden on input line 117.


[56]
<Imagens/superior.png, id=1412, 838.332pt x 78.2925pt>
File: Imagens/superior.png Graphic file (type png)
<use Imagens/superior.png>
Package pdftex.def Info: Imagens/superior.png  used on input line 136.
(pdftex.def)             Requested size: 455.24411pt x 42.51624pt.
<Imagens/area_central.png, id=1413, 831.105pt x 467.94826pt>
File: Imagens/area_central.png Graphic file (type png)
<use Imagens/area_central.png>
Package pdftex.def Info: Imagens/area_central.png  used on input line 145.
(pdftex.def)             Requested size: 345.98302pt x 194.80183pt.


[57 <./Imagens/superior.png>]
<Imagens/coluna_direita.png, id=1419, 199.947pt x 442.65375pt>
File: Imagens/coluna_direita.png Graphic file (type png)
<use Imagens/coluna_direita.png>
Package pdftex.def Info: Imagens/coluna_direita.png  used on input line 154.
(pdftex.def)             Requested size: 136.57462pt x 302.36493pt.


[58 <./Imagens/area_central.png> <./Imagens/coluna_direita.png>]

[59]
<Imagens/zerado.png, id=1431, 1729.46124pt x 916.42375pt>
File: Imagens/zerado.png Graphic file (type png)
<use Imagens/zerado.png>
Package pdftex.def Info: Imagens/zerado.png  used on input line 207.
(pdftex.def)             Requested size: 409.71692pt x 217.09357pt.
<Imagens/esquerda.png, id=1434, 242.1045pt x 109.6095pt>
File: Imagens/esquerda.png Graphic file (type png)
<use Imagens/esquerda.png>
Package pdftex.def Info: Imagens/esquerda.png  used on input line 218.
(pdftex.def)             Requested size: 213.96529pt x 96.87308pt.
<Imagens/direita.png, id=1435, 232.4685pt x 109.6095pt>
File: Imagens/direita.png Graphic file (type png)
<use Imagens/direita.png>
Package pdftex.def Info: Imagens/direita.png  used on input line 224.
(pdftex.def)             Requested size: 204.85846pt x 96.59712pt.


[60 <./Imagens/zerado.png (PNG copy)> <./Imagens/esquerda.png> <./Imagens/direi
ta.png>]
<Imagens/pose_esquerda.png, id=1445, 1735.48375pt x 913.4125pt>
File: Imagens/pose_esquerda.png Graphic file (type png)
<use Imagens/pose_esquerda.png>
Package pdftex.def Info: Imagens/pose_esquerda.png  used on input line 236.
(pdftex.def)             Requested size: 455.24411pt x 239.60016pt.
<Imagens/pose_direita.png, id=1446, 1737.49126pt x 912.40875pt>
File: Imagens/pose_direita.png Graphic file (type png)
<use Imagens/pose_direita.png>
Package pdftex.def Info: Imagens/pose_direita.png  used on input line 245.
(pdftex.def)             Requested size: 455.24411pt x 239.05841pt.


[61 <./Imagens/pose_esquerda.png (PNG copy)> <./Imagens/pose_direita.png (PNG c
opy)>]
<Imagens/sucesso.png, id=1453, 292.09125pt x 123.46124pt>
File: Imagens/sucesso.png Graphic file (type png)
<use Imagens/sucesso.png>
Package pdftex.def Info: Imagens/sucesso.png  used on input line 256.
(pdftex.def)             Requested size: 273.14923pt x 115.46579pt.
<Imagens/pose_final.png, id=1455, 1736.4875pt x 912.40875pt>
File: Imagens/pose_final.png Graphic file (type png)
<use Imagens/pose_final.png>
Package pdftex.def Info: Imagens/pose_final.png  used on input line 267.
(pdftex.def)             Requested size: 455.24411pt x 239.19763pt.


[62 <./Imagens/sucesso.png> <./Imagens/pose_final.png (PNG copy)>]
<Imagens/amostra_reconhecendo.png, id=1463, 203.5605pt x 142.73325pt>
File: Imagens/amostra_reconhecendo.png Graphic file (type png)
<use Imagens/amostra_reconhecendo.png>
Package pdftex.def Info: Imagens/amostra_reconhecendo.png  used on input line 2
94.
(pdftex.def)             Requested size: 186.65175pt x 130.88493pt.
<Imagens/amostra_cadastro.png, id=1464, 281.25075pt x 126.4725pt>
File: Imagens/amostra_cadastro.png Graphic file (type png)
<use Imagens/amostra_cadastro.png>
Package pdftex.def Info: Imagens/amostra_cadastro.png  used on input line 300.
(pdftex.def)             Requested size: 250.38564pt x 112.59297pt.


[63]
<Imagens/botoes.png, id=1471, 198.7425pt x 46.37325pt>
File: Imagens/botoes.png Graphic file (type png)
<use Imagens/botoes.png>
Package pdftex.def Info: Imagens/botoes.png  used on input line 322.
(pdftex.def)             Requested size: 204.85846pt x 47.80176pt.


[64 <./Imagens/amostra_reconhecendo.png> <./Imagens/amostra_cadastro.png>]
<Imagens/confirmar_codigo.png, id=1479, 317.38576pt x 154.77824pt>
File: Imagens/confirmar_codigo.png Graphic file (type png)
<use Imagens/confirmar_codigo.png>
Package pdftex.def Info: Imagens/confirmar_codigo.png  used on input line 331.
(pdftex.def)             Requested size: 318.66948pt x 155.40843pt.


[65 <./Imagens/botoes.png> <./Imagens/confirmar_codigo.png>]
<Imagens/tela_exclusao.png, id=1486, 385.44pt x 338.4645pt>
File: Imagens/tela_exclusao.png Graphic file (type png)
<use Imagens/tela_exclusao.png>
Package pdftex.def Info: Imagens/tela_exclusao.png  used on input line 348.
(pdftex.def)             Requested size: 341.43307pt x 299.81737pt.
<Imagens/confirmacao_exclusao.png, id=1487, 281.25075pt x 109.6095pt>
File: Imagens/confirmacao_exclusao.png Graphic file (type png)
<use Imagens/confirmacao_exclusao.png>
Package pdftex.def Info: Imagens/confirmacao_exclusao.png  used on input line 3
57.
(pdftex.def)             Requested size: 318.66948pt x 124.19176pt.


[66 <./Imagens/tela_exclusao.png>]

[67 <./Imagens/confirmacao_exclusao.png>]) (2-Textual/6-Conclusao.tex

[68]
Cap\'{\i }tulo 6.
Package acronym Info: Label `acro:PFC' newly defined as it shall be overridden
although it is yet undefined on input line 4.
Package acronym Info: Label `acro:FAR' overridden on input line 6.
Package acronym Info: Label `acro:FRR' overridden on input line 6.
Package acronym Info: Label `acro:PFC' overridden on input line 14.


[69

])

[70]

[71



]

[72]
LaTeX Font Info:    Font shape `TS1/phv/b/n' will be
(Font)              scaled to size 11.39996pt on input line 68.


[73]

Package biblatex Warning: No driver for 'monograph'.
(biblatex)                Using fallback driver on input line 68.



[74]

[75] (main.aux)
 ***********
LaTeX2e <2026-06-01>
L3 programming layer <2020/03/25>
 ***********
Package rerunfilecheck Info: File `main.out' has not changed.
(rerunfilecheck)             Checksum: 3ECC3BB8BA3133FD14C6CA78C947D14B;23551.
Package logreq Info: Writing requests to 'main.run.xml'.
\openout1 = `main.run.xml'.

 ) 
Here is how much of TeX's memory you used:
 24868 strings out of 469425
 446596 string characters out of 5460094
 1440936 words of memory out of 5000000
 53095 multiletter control sequences out of 15000+600000
 663697 words of font info for 90 fonts, out of 8000000 for 9000
 14 hyphenation exceptions out of 8191
 93i,13n,98p,2088b,4312s stack positions out of 10000i,1000n,20000p,200000b,200000s
</var/lib/miktex/.miktex/texmfs/install/fonts/type1/public/amsfonts/cm/cmbx12
.pfb></var/lib/miktex/.miktex/texmfs/install/fonts/type1/public/amsfonts/cm/cme
x10.pfb></var/lib/miktex/.miktex/texmfs/install/fonts/type1/public/amsfonts/cm/
cmmi12.pfb></var/lib/miktex/.miktex/texmfs/install/fonts/type1/public/amsfonts/
cm/cmmi8.pfb></var/lib/miktex/.miktex/texmfs/install/fonts/type1/public/amsfont
s/cm/cmr12.pfb></var/lib/miktex/.miktex/texmfs/install/fonts/type1/public/amsfo
nts/cm/cmr8.pfb></var/lib/miktex/.miktex/texmfs/install/fonts/type1/public/amsf
onts/cm/cmsy10.pfb></var/lib/miktex/.miktex/texmfs/install/fonts/type1/public/a
msfonts/cm/cmsy8.pfb></var/lib/miktex/.miktex/texmfs/install/fonts/type1/public
/amsfonts/symbols/msam10.pfb></var/lib/miktex/.miktex/texmfs/install/fonts/type
1/urw/helvetic/uhvb8a.pfb></var/lib/miktex/.miktex/texmfs/install/fonts/type1/u
rw/helvetic/uhvbo8a.pfb></var/lib/miktex/.miktex/texmfs/install/fonts/type1/urw
/helvetic/uhvr8a.pfb></var/lib/miktex/.miktex/texmfs/install/fonts/type1/urw/he
lvetic/uhvro8a.pfb></var/lib/miktex/.miktex/texmfs/install/fonts/type1/urw/zapf
ding/uzdr.pfb>
Output written on main.pdf (87 pages, 15135969 bytes).
PDF statistics:
 1722 PDF objects out of 1728 (max. 8388607)
 371 named destinations out of 1000 (max. 500000)
 855 words of extra memory for PDF output out of 10000 (max. 10000000)

